TN:
SF:/workspaces/twamm-distributed-erc20/src/contract.cairo
FN:23,gerc20::contract::EkuboDistributedERC20::ContractStateERC20MixinImpl::unsafe_new_contract_state
FNDA:1,gerc20::contract::EkuboDistributedERC20::ContractStateERC20MixinImpl::unsafe_new_contract_state
FN:5,gerc20::contract::EkuboDistributedERC20::ContractStateEventEmitter::emit
FNDA:1,gerc20::contract::EkuboDistributedERC20::ContractStateEventEmitter::emit
FN:157,gerc20::contract::EkuboDistributedERC20::EkuboDistributedERC20Impl::claim_and_sell_proceeds
FNDA:1,gerc20::contract::EkuboDistributedERC20::EkuboDistributedERC20Impl::claim_and_sell_proceeds
FN:197,gerc20::contract::EkuboDistributedERC20::EkuboDistributedERC20Impl::get_distribution_order_key
FNDA:1,gerc20::contract::EkuboDistributedERC20::EkuboDistributedERC20Impl::get_distribution_order_key
FN:203,gerc20::contract::EkuboDistributedERC20::EkuboDistributedERC20Impl::get_distribution_pool_key
FNDA:0,gerc20::contract::EkuboDistributedERC20::EkuboDistributedERC20Impl::get_distribution_pool_key
FN:227,gerc20::contract::EkuboDistributedERC20::EkuboDistributedERC20Impl::get_reward_order_key
FNDA:0,gerc20::contract::EkuboDistributedERC20::EkuboDistributedERC20Impl::get_reward_order_key
FN:123,gerc20::contract::EkuboDistributedERC20::EkuboDistributedERC20Impl::init_distribution_pool
FNDA:1,gerc20::contract::EkuboDistributedERC20::EkuboDistributedERC20Impl::init_distribution_pool
FN:135,gerc20::contract::EkuboDistributedERC20::EkuboDistributedERC20Impl::start_token_distribution
FNDA:1,gerc20::contract::EkuboDistributedERC20::EkuboDistributedERC20Impl::start_token_distribution
FN:51,gerc20::contract::EkuboDistributedERC20::EventIsEvent::append_keys_and_data
FNDA:0,gerc20::contract::EkuboDistributedERC20::EventIsEvent::append_keys_and_data
FN:21,gerc20::contract::EkuboDistributedERC20::HasComponentImpl_ERC20Component::emit
FNDA:1,gerc20::contract::EkuboDistributedERC20::HasComponentImpl_ERC20Component::emit
FN:21,gerc20::contract::EkuboDistributedERC20::HasComponentImpl_ERC20Component::get_component
FNDA:1,gerc20::contract::EkuboDistributedERC20::HasComponentImpl_ERC20Component::get_component
FN:21,gerc20::contract::EkuboDistributedERC20::HasComponentImpl_ERC20Component::get_component_mut
FNDA:1,gerc20::contract::EkuboDistributedERC20::HasComponentImpl_ERC20Component::get_component_mut
FN:21,gerc20::contract::EkuboDistributedERC20::HasComponentImpl_ERC20Component::get_contract_mut
FNDA:1,gerc20::contract::EkuboDistributedERC20::HasComponentImpl_ERC20Component::get_contract_mut
FN:156,gerc20::contract::EkuboDistributedERC20::__wrapper__EkuboDistributedERC20Impl__claim_and_sell_proceeds
FNDA:1,gerc20::contract::EkuboDistributedERC20::__wrapper__EkuboDistributedERC20Impl__claim_and_sell_proceeds
FN:188,gerc20::contract::EkuboDistributedERC20::__wrapper__EkuboDistributedERC20Impl__get_deployed_at
FNDA:1,gerc20::contract::EkuboDistributedERC20::__wrapper__EkuboDistributedERC20Impl__get_deployed_at
FN:192,gerc20::contract::EkuboDistributedERC20::__wrapper__EkuboDistributedERC20Impl__get_distribution_end_time
FNDA:1,gerc20::contract::EkuboDistributedERC20::__wrapper__EkuboDistributedERC20Impl__get_distribution_end_time
FN:196,gerc20::contract::EkuboDistributedERC20::__wrapper__EkuboDistributedERC20Impl__get_distribution_order_key
FNDA:0,gerc20::contract::EkuboDistributedERC20::__wrapper__EkuboDistributedERC20Impl__get_distribution_order_key
FN:202,gerc20::contract::EkuboDistributedERC20::__wrapper__EkuboDistributedERC20Impl__get_distribution_pool_key
FNDA:1,gerc20::contract::EkuboDistributedERC20::__wrapper__EkuboDistributedERC20Impl__get_distribution_pool_key
FN:206,gerc20::contract::EkuboDistributedERC20::__wrapper__EkuboDistributedERC20Impl__get_distribution_start_time
FNDA:1,gerc20::contract::EkuboDistributedERC20::__wrapper__EkuboDistributedERC20Impl__get_distribution_start_time
FN:234,gerc20::contract::EkuboDistributedERC20::__wrapper__EkuboDistributedERC20Impl__get_extension_address
FNDA:1,gerc20::contract::EkuboDistributedERC20::__wrapper__EkuboDistributedERC20Impl__get_extension_address
FN:230,gerc20::contract::EkuboDistributedERC20::__wrapper__EkuboDistributedERC20Impl__get_payment_token
FNDA:1,gerc20::contract::EkuboDistributedERC20::__wrapper__EkuboDistributedERC20Impl__get_payment_token
FN:210,gerc20::contract::EkuboDistributedERC20::__wrapper__EkuboDistributedERC20Impl__get_pool_fee
FNDA:1,gerc20::contract::EkuboDistributedERC20::__wrapper__EkuboDistributedERC20Impl__get_pool_fee
FN:214,gerc20::contract::EkuboDistributedERC20::__wrapper__EkuboDistributedERC20Impl__get_pool_id
FNDA:1,gerc20::contract::EkuboDistributedERC20::__wrapper__EkuboDistributedERC20Impl__get_pool_id
FN:218,gerc20::contract::EkuboDistributedERC20::__wrapper__EkuboDistributedERC20Impl__get_position_token_id
FNDA:1,gerc20::contract::EkuboDistributedERC20::__wrapper__EkuboDistributedERC20Impl__get_position_token_id
FN:222,gerc20::contract::EkuboDistributedERC20::__wrapper__EkuboDistributedERC20Impl__get_reward_distribution_duration
FNDA:0,gerc20::contract::EkuboDistributedERC20::__wrapper__EkuboDistributedERC20Impl__get_reward_distribution_duration
FN:184,gerc20::contract::EkuboDistributedERC20::__wrapper__EkuboDistributedERC20Impl__get_reward_distribution_rate
FNDA:1,gerc20::contract::EkuboDistributedERC20::__wrapper__EkuboDistributedERC20Impl__get_reward_distribution_rate
FN:226,gerc20::contract::EkuboDistributedERC20::__wrapper__EkuboDistributedERC20Impl__get_reward_order_key
FNDA:0,gerc20::contract::EkuboDistributedERC20::__wrapper__EkuboDistributedERC20Impl__get_reward_order_key
FN:238,gerc20::contract::EkuboDistributedERC20::__wrapper__EkuboDistributedERC20Impl__get_reward_token
FNDA:1,gerc20::contract::EkuboDistributedERC20::__wrapper__EkuboDistributedERC20Impl__get_reward_token
FN:242,gerc20::contract::EkuboDistributedERC20::__wrapper__EkuboDistributedERC20Impl__get_tick_spacing
FNDA:1,gerc20::contract::EkuboDistributedERC20::__wrapper__EkuboDistributedERC20Impl__get_tick_spacing
FN:180,gerc20::contract::EkuboDistributedERC20::__wrapper__EkuboDistributedERC20Impl__get_token_distribution_rate
FNDA:1,gerc20::contract::EkuboDistributedERC20::__wrapper__EkuboDistributedERC20Impl__get_token_distribution_rate
FN:122,gerc20::contract::EkuboDistributedERC20::__wrapper__EkuboDistributedERC20Impl__init_distribution_pool
FNDA:1,gerc20::contract::EkuboDistributedERC20::__wrapper__EkuboDistributedERC20Impl__init_distribution_pool
FN:134,gerc20::contract::EkuboDistributedERC20::__wrapper__EkuboDistributedERC20Impl__start_token_distribution
FNDA:1,gerc20::contract::EkuboDistributedERC20::__wrapper__EkuboDistributedERC20Impl__start_token_distribution
FN:67,gerc20::contract::EkuboDistributedERC20::__wrapper__constructor
FNDA:1,gerc20::contract::EkuboDistributedERC20::__wrapper__constructor
FN:259,gerc20::contract::EkuboDistributedERC20::_get_deployed_at
FNDA:1,gerc20::contract::EkuboDistributedERC20::_get_deployed_at
FN:264,gerc20::contract::EkuboDistributedERC20::_get_distribution_end_time
FNDA:1,gerc20::contract::EkuboDistributedERC20::_get_distribution_end_time
FN:347,gerc20::contract::EkuboDistributedERC20::_get_distribution_order_key
FNDA:1,gerc20::contract::EkuboDistributedERC20::_get_distribution_order_key
FN:318,gerc20::contract::EkuboDistributedERC20::_get_distribution_pool_key
FNDA:1,gerc20::contract::EkuboDistributedERC20::_get_distribution_pool_key
FN:269,gerc20::contract::EkuboDistributedERC20::_get_distribution_start_time
FNDA:1,gerc20::contract::EkuboDistributedERC20::_get_distribution_start_time
FN:302,gerc20::contract::EkuboDistributedERC20::_get_extension_address
FNDA:1,gerc20::contract::EkuboDistributedERC20::_get_extension_address
FN:297,gerc20::contract::EkuboDistributedERC20::_get_payment_token
FNDA:1,gerc20::contract::EkuboDistributedERC20::_get_payment_token
FN:274,gerc20::contract::EkuboDistributedERC20::_get_pool_fee
FNDA:1,gerc20::contract::EkuboDistributedERC20::_get_pool_fee
FN:279,gerc20::contract::EkuboDistributedERC20::_get_pool_id
FNDA:1,gerc20::contract::EkuboDistributedERC20::_get_pool_id
FN:284,gerc20::contract::EkuboDistributedERC20::_get_position_token_id
FNDA:1,gerc20::contract::EkuboDistributedERC20::_get_position_token_id
FN:289,gerc20::contract::EkuboDistributedERC20::_get_reward_distribution_duration
FNDA:1,gerc20::contract::EkuboDistributedERC20::_get_reward_distribution_duration
FN:254,gerc20::contract::EkuboDistributedERC20::_get_reward_distribution_rate
FNDA:0,gerc20::contract::EkuboDistributedERC20::_get_reward_distribution_rate
FN:358,gerc20::contract::EkuboDistributedERC20::_get_reward_order_key
FNDA:1,gerc20::contract::EkuboDistributedERC20::_get_reward_order_key
FN:307,gerc20::contract::EkuboDistributedERC20::_get_reward_token
FNDA:1,gerc20::contract::EkuboDistributedERC20::_get_reward_token
FN:312,gerc20::contract::EkuboDistributedERC20::_get_tick_spacing
FNDA:1,gerc20::contract::EkuboDistributedERC20::_get_tick_spacing
FN:249,gerc20::contract::EkuboDistributedERC20::_get_token_distribution_rate
FNDA:0,gerc20::contract::EkuboDistributedERC20::_get_token_distribution_rate
FN:408,gerc20::contract::EkuboDistributedERC20::_register_token
FNDA:1,gerc20::contract::EkuboDistributedERC20::_register_token
FN:389,gerc20::contract::EkuboDistributedERC20::_time_difference_to_step_size
FNDA:1,gerc20::contract::EkuboDistributedERC20::_time_difference_to_step_size
FN:370,gerc20::contract::EkuboDistributedERC20::_to_nearest_valid_time
FNDA:1,gerc20::contract::EkuboDistributedERC20::_to_nearest_valid_time
FN:84,gerc20::contract::EkuboDistributedERC20::constructor
FNDA:1,gerc20::contract::EkuboDistributedERC20::constructor
FN:34,gerc20::contract::EkuboDistributedERC20::unsafe_new_contract_state
FNDA:0,gerc20::contract::EkuboDistributedERC20::unsafe_new_contract_state
FNF:54
FNH:45
DA:5,1
DA:21,4
DA:23,1
DA:34,0
DA:51,0
DA:67,1
DA:84,1
DA:85,1
DA:86,1
DA:87,1
DA:88,1
DA:89,1
DA:90,1
DA:93,1
DA:96,1
DA:97,1
DA:98,1
DA:99,1
DA:100,1
DA:103,1
DA:104,1
DA:105,1
DA:106,1
DA:107,1
DA:112,1
DA:115,1
DA:122,1
DA:123,1
DA:124,1
DA:126,1
DA:127,1
DA:128,1
DA:134,1
DA:135,1
DA:136,1
DA:138,1
DA:139,1
DA:142,1
DA:143,1
DA:144,1
DA:145,1
DA:146,1
DA:148,1
DA:149,1
DA:150,1
DA:151,1
DA:156,1
DA:157,1
DA:158,0
DA:159,1
DA:161,1
DA:162,1
DA:163,1
DA:164,1
DA:165,1
DA:166,1
DA:170,1
DA:171,1
DA:175,1
DA:176,1
DA:177,1
DA:180,1
DA:184,1
DA:188,1
DA:192,1
DA:196,0
DA:197,1
DA:198,1
DA:199,1
DA:202,1
DA:203,0
DA:206,1
DA:210,1
DA:214,1
DA:218,1
DA:222,0
DA:226,0
DA:227,0
DA:230,1
DA:234,1
DA:238,1
DA:242,1
DA:249,0
DA:254,0
DA:259,1
DA:264,1
DA:269,1
DA:274,1
DA:279,1
DA:284,1
DA:289,1
DA:290,1
DA:291,1
DA:292,1
DA:297,1
DA:302,1
DA:307,1
DA:312,1
DA:318,1
DA:319,1
DA:320,1
DA:324,0
DA:325,0
DA:326,0
DA:329,1
DA:332,1
DA:333,1
DA:334,1
DA:347,1
DA:348,1
DA:349,0
DA:358,1
DA:359,1
DA:360,1
DA:362,1
DA:363,1
DA:364,1
DA:370,1
DA:371,0
DA:373,0
DA:374,1
DA:377,1
DA:378,1
DA:380,1
DA:384,1
DA:385,1
DA:389,1
DA:396,1
DA:397,0
DA:400,1
DA:401,1
DA:408,1
DA:409,1
DA:412,1
DA:415,0
LF:135
LH:117
end_of_record
TN:
SF:/workspaces/twamm-distributed-erc20/src/interfaces.cairo
FN:5,gerc20::interfaces::IEkuboDistributedERC20DispatcherImpl::claim_and_sell_proceeds
FNDA:1,gerc20::interfaces::IEkuboDistributedERC20DispatcherImpl::claim_and_sell_proceeds
FN:5,gerc20::interfaces::IEkuboDistributedERC20DispatcherImpl::get_deployed_at
FNDA:1,gerc20::interfaces::IEkuboDistributedERC20DispatcherImpl::get_deployed_at
FN:5,gerc20::interfaces::IEkuboDistributedERC20DispatcherImpl::get_distribution_end_time
FNDA:1,gerc20::interfaces::IEkuboDistributedERC20DispatcherImpl::get_distribution_end_time
FN:5,gerc20::interfaces::IEkuboDistributedERC20DispatcherImpl::get_distribution_pool_key
FNDA:1,gerc20::interfaces::IEkuboDistributedERC20DispatcherImpl::get_distribution_pool_key
FN:5,gerc20::interfaces::IEkuboDistributedERC20DispatcherImpl::get_distribution_start_time
FNDA:1,gerc20::interfaces::IEkuboDistributedERC20DispatcherImpl::get_distribution_start_time
FN:5,gerc20::interfaces::IEkuboDistributedERC20DispatcherImpl::get_extension_address
FNDA:1,gerc20::interfaces::IEkuboDistributedERC20DispatcherImpl::get_extension_address
FN:5,gerc20::interfaces::IEkuboDistributedERC20DispatcherImpl::get_payment_token
FNDA:1,gerc20::interfaces::IEkuboDistributedERC20DispatcherImpl::get_payment_token
FN:5,gerc20::interfaces::IEkuboDistributedERC20DispatcherImpl::get_pool_fee
FNDA:1,gerc20::interfaces::IEkuboDistributedERC20DispatcherImpl::get_pool_fee
FN:5,gerc20::interfaces::IEkuboDistributedERC20DispatcherImpl::get_pool_id
FNDA:1,gerc20::interfaces::IEkuboDistributedERC20DispatcherImpl::get_pool_id
FN:5,gerc20::interfaces::IEkuboDistributedERC20DispatcherImpl::get_position_token_id
FNDA:1,gerc20::interfaces::IEkuboDistributedERC20DispatcherImpl::get_position_token_id
FN:5,gerc20::interfaces::IEkuboDistributedERC20DispatcherImpl::get_reward_distribution_rate
FNDA:1,gerc20::interfaces::IEkuboDistributedERC20DispatcherImpl::get_reward_distribution_rate
FN:5,gerc20::interfaces::IEkuboDistributedERC20DispatcherImpl::get_reward_token
FNDA:1,gerc20::interfaces::IEkuboDistributedERC20DispatcherImpl::get_reward_token
FN:5,gerc20::interfaces::IEkuboDistributedERC20DispatcherImpl::get_tick_spacing
FNDA:1,gerc20::interfaces::IEkuboDistributedERC20DispatcherImpl::get_tick_spacing
FN:5,gerc20::interfaces::IEkuboDistributedERC20DispatcherImpl::get_token_distribution_rate
FNDA:1,gerc20::interfaces::IEkuboDistributedERC20DispatcherImpl::get_token_distribution_rate
FN:5,gerc20::interfaces::IEkuboDistributedERC20DispatcherImpl::init_distribution_pool
FNDA:1,gerc20::interfaces::IEkuboDistributedERC20DispatcherImpl::init_distribution_pool
FN:5,gerc20::interfaces::IEkuboDistributedERC20DispatcherImpl::start_token_distribution
FNDA:1,gerc20::interfaces::IEkuboDistributedERC20DispatcherImpl::start_token_distribution
FNF:16
FNH:16
DA:5,16
LF:1
LH:1
end_of_record
TN:
SF:/workspaces/twamm-distributed-erc20/tests/fuzz/test_constructor_fuzz.cairo
FN:14,gerc20_tests::fuzz::test_constructor_fuzz::array_inline_macro
FNDA:1,gerc20_tests::fuzz::test_constructor_fuzz::array_inline_macro
FN:3,gerc20_tests::fuzz::test_constructor_fuzz::test_constructor_fuzz_addresses_return_wrapper
FNDA:1,gerc20_tests::fuzz::test_constructor_fuzz::test_constructor_fuzz_addresses_return_wrapper
FN:3,gerc20_tests::fuzz::test_constructor_fuzz::test_constructor_fuzz_boundaries_return_wrapper
FNDA:1,gerc20_tests::fuzz::test_constructor_fuzz::test_constructor_fuzz_boundaries_return_wrapper
FN:3,gerc20_tests::fuzz::test_constructor_fuzz::test_constructor_fuzz_valid_params_return_wrapper
FNDA:1,gerc20_tests::fuzz::test_constructor_fuzz::test_constructor_fuzz_valid_params_return_wrapper
FNF:4
FNH:4
DA:3,3
DA:11,3
DA:14,2
DA:15,2
DA:18,1
DA:19,1
DA:20,1
DA:23,1
DA:24,2
DA:25,1
DA:28,1
DA:29,2
DA:30,1
DA:32,2
DA:33,3
DA:34,1
DA:35,1
DA:36,1
DA:37,1
DA:41,1
DA:42,2
DA:43,2
DA:44,1
DA:45,1
DA:46,2
DA:47,3
DA:48,2
DA:49,2
DA:50,3
DA:51,4
DA:52,1
DA:53,3
DA:54,3
DA:55,2
DA:56,2
DA:58,1
DA:59,1
DA:60,1
DA:61,3
DA:62,2
DA:63,2
DA:64,1
DA:65,3
DA:66,1
DA:67,1
DA:68,2
DA:69,2
DA:70,1
DA:71,1
DA:72,2
DA:73,1
DA:75,1
DA:77,1
DA:79,1
DA:80,1
DA:81,1
DA:83,1
LF:57
LH:57
end_of_record
TN:
SF:/workspaces/twamm-distributed-erc20/tests/fuzz/test_distribution_fuzz.cairo
FN:11,gerc20_tests::fuzz::test_distribution_fuzz::array_inline_macro
FNDA:1,gerc20_tests::fuzz::test_distribution_fuzz::array_inline_macro
FN:8,gerc20_tests::fuzz::test_distribution_fuzz::setup_contract
FNDA:1,gerc20_tests::fuzz::test_distribution_fuzz::setup_contract
FN:3,gerc20_tests::fuzz::test_distribution_fuzz::test_claim_proceeds_amounts_fuzz_return_wrapper
FNDA:1,gerc20_tests::fuzz::test_distribution_fuzz::test_claim_proceeds_amounts_fuzz_return_wrapper
FN:3,gerc20_tests::fuzz::test_distribution_fuzz::test_distribution_supply_variations_fuzz_return_wrapper
FNDA:1,gerc20_tests::fuzz::test_distribution_fuzz::test_distribution_supply_variations_fuzz_return_wrapper
FN:3,gerc20_tests::fuzz::test_distribution_fuzz::test_distribution_time_ranges_fuzz_return_wrapper
FNDA:1,gerc20_tests::fuzz::test_distribution_fuzz::test_distribution_time_ranges_fuzz_return_wrapper
FNF:5
FNH:5
DA:3,3
DA:8,1
DA:11,3
DA:12,2
DA:14,2
DA:15,1
DA:16,1
DA:19,1
DA:20,2
DA:21,1
DA:22,2
DA:24,1
DA:26,2
DA:27,2
DA:28,2
DA:29,3
DA:30,2
DA:31,3
DA:32,3
DA:33,2
DA:34,2
DA:35,2
DA:36,1
DA:38,2
DA:41,2
DA:42,2
DA:43,1
DA:44,1
DA:45,1
DA:46,2
DA:47,2
DA:48,2
DA:49,1
DA:50,1
DA:51,3
DA:52,2
DA:53,1
DA:54,1
DA:55,1
DA:56,2
DA:57,1
DA:58,1
DA:60,2
DA:61,1
DA:65,1
DA:66,1
DA:67,1
DA:68,2
DA:70,1
DA:73,1
DA:80,1
DA:81,1
DA:84,1
DA:85,1
DA:86,1
DA:88,1
LF:56
LH:56
end_of_record
TN:
SF:/workspaces/twamm-distributed-erc20/tests/fuzz/test_time_fuzz.cairo
FN:11,gerc20_tests::fuzz::test_time_fuzz::array_inline_macro
FNDA:1,gerc20_tests::fuzz::test_time_fuzz::array_inline_macro
FN:3,gerc20_tests::fuzz::test_time_fuzz::test_rate_calculation_fuzz_return_wrapper
FNDA:1,gerc20_tests::fuzz::test_time_fuzz::test_rate_calculation_fuzz_return_wrapper
FN:3,gerc20_tests::fuzz::test_time_fuzz::test_time_edge_cases_fuzz_return_wrapper
FNDA:1,gerc20_tests::fuzz::test_time_fuzz::test_time_edge_cases_fuzz_return_wrapper
FN:3,gerc20_tests::fuzz::test_time_fuzz::test_time_rounding_fuzz_return_wrapper
FNDA:1,gerc20_tests::fuzz::test_time_fuzz::test_time_rounding_fuzz_return_wrapper
FNF:4
FNH:4
DA:3,3
DA:11,2
DA:12,1
DA:14,1
DA:20,1
DA:21,1
DA:22,1
DA:24,1
DA:26,1
DA:27,2
DA:28,2
DA:29,1
DA:30,2
DA:32,3
DA:33,1
DA:34,1
DA:35,2
DA:36,3
DA:38,1
DA:39,1
DA:40,2
DA:43,1
DA:44,1
DA:45,1
DA:46,2
DA:47,3
DA:48,1
DA:49,2
DA:50,3
DA:51,3
DA:52,2
DA:53,2
DA:54,2
DA:55,1
DA:56,2
DA:57,1
DA:58,1
DA:59,1
DA:60,3
DA:61,2
DA:62,2
DA:63,1
DA:64,2
DA:65,1
DA:66,2
DA:67,2
DA:68,1
DA:69,1
DA:70,2
DA:72,2
DA:73,1
DA:74,1
DA:76,1
DA:77,2
DA:78,2
DA:79,1
DA:80,1
DA:81,2
DA:82,1
DA:83,1
DA:84,2
DA:87,1
DA:89,1
DA:92,1
DA:93,1
DA:96,1
DA:98,1
DA:99,1
DA:100,1
DA:104,1
DA:107,1
LF:71
LH:71
end_of_record
TN:
SF:/workspaces/twamm-distributed-erc20/tests/integration/test_advanced_scenarios.cairo
FN:15,gerc20_tests::integration::test_advanced_scenarios::array_inline_macro
FNDA:1,gerc20_tests::integration::test_advanced_scenarios::array_inline_macro
FN:3,gerc20_tests::integration::test_advanced_scenarios::test_complex_multi_step_scenario_return_wrapper
FNDA:1,gerc20_tests::integration::test_advanced_scenarios::test_complex_multi_step_scenario_return_wrapper
FN:3,gerc20_tests::integration::test_advanced_scenarios::test_edge_case_token_amounts_return_wrapper
FNDA:1,gerc20_tests::integration::test_advanced_scenarios::test_edge_case_token_amounts_return_wrapper
FN:3,gerc20_tests::integration::test_advanced_scenarios::test_high_frequency_claims_return_wrapper
FNDA:1,gerc20_tests::integration::test_advanced_scenarios::test_high_frequency_claims_return_wrapper
FN:3,gerc20_tests::integration::test_advanced_scenarios::test_same_payment_reward_token_return_wrapper
FNDA:1,gerc20_tests::integration::test_advanced_scenarios::test_same_payment_reward_token_return_wrapper
FNF:5
FNH:5
DA:3,4
DA:11,3
DA:12,1
DA:14,3
DA:15,5
DA:16,2
DA:17,1
DA:18,2
DA:19,4
DA:20,3
DA:21,1
DA:29,2
DA:30,4
DA:31,4
DA:32,4
DA:33,4
DA:34,4
DA:35,4
DA:36,4
DA:37,4
DA:38,4
DA:39,4
DA:40,2
DA:41,2
DA:42,2
DA:45,2
DA:46,2
DA:47,2
DA:48,3
DA:49,2
DA:52,2
DA:53,1
DA:54,1
DA:55,1
DA:56,1
DA:58,1
DA:59,1
DA:61,1
DA:62,3
DA:63,1
DA:66,2
DA:67,1
DA:69,1
DA:70,1
DA:71,2
DA:72,1
DA:73,1
DA:76,1
DA:78,1
DA:79,1
DA:80,1
DA:86,2
DA:87,1
DA:89,1
DA:93,1
DA:95,1
DA:96,1
DA:97,1
DA:101,1
LF:59
LH:59
end_of_record
TN:
SF:/workspaces/twamm-distributed-erc20/tests/integration/test_edge_cases.cairo
FN:8,gerc20_tests::integration::test_edge_cases::array_inline_macro
FNDA:1,gerc20_tests::integration::test_edge_cases::array_inline_macro
FN:3,gerc20_tests::integration::test_edge_cases::test_identical_payment_distribution_tokens_return_wrapper
FNDA:1,gerc20_tests::integration::test_edge_cases::test_identical_payment_distribution_tokens_return_wrapper
FN:3,gerc20_tests::integration::test_edge_cases::test_maximum_duration_distribution_return_wrapper
FNDA:1,gerc20_tests::integration::test_edge_cases::test_maximum_duration_distribution_return_wrapper
FN:3,gerc20_tests::integration::test_edge_cases::test_minimum_values_edge_case_return_wrapper
FNDA:1,gerc20_tests::integration::test_edge_cases::test_minimum_values_edge_case_return_wrapper
FN:3,gerc20_tests::integration::test_edge_cases::test_rapid_state_transitions_return_wrapper
FNDA:1,gerc20_tests::integration::test_edge_cases::test_rapid_state_transitions_return_wrapper
FN:4,gerc20_tests::integration::test_edge_cases::test_zero_address_edge_case_return_wrapper
FNDA:1,gerc20_tests::integration::test_edge_cases::test_zero_address_edge_case_return_wrapper
FNF:6
FNH:6
DA:3,4
DA:4,1
DA:8,0
DA:11,4
DA:14,4
DA:15,5
DA:17,1
DA:18,3
DA:19,4
DA:20,2
DA:24,1
DA:27,1
DA:28,2
DA:29,2
DA:30,4
DA:31,5
DA:32,5
DA:33,5
DA:34,4
DA:35,4
DA:36,4
DA:37,4
DA:38,4
DA:39,4
DA:40,2
DA:41,2
DA:42,2
DA:43,1
DA:44,1
DA:45,3
DA:46,3
DA:47,2
DA:48,3
DA:49,4
DA:50,3
DA:51,1
DA:52,3
DA:53,2
DA:54,1
DA:56,1
DA:58,2
DA:59,1
DA:61,1
DA:62,1
DA:63,1
DA:64,1
DA:67,1
DA:73,1
DA:76,1
DA:77,1
DA:78,1
DA:79,1
LF:52
LH:51
end_of_record
TN:
SF:/workspaces/twamm-distributed-erc20/tests/integration/test_full_flow.cairo
FN:15,gerc20_tests::integration::test_full_flow::array_inline_macro
FNDA:1,gerc20_tests::integration::test_full_flow::array_inline_macro
FN:3,gerc20_tests::integration::test_full_flow::test_complete_deployment_to_distribution_flow_return_wrapper
FNDA:1,gerc20_tests::integration::test_full_flow::test_complete_deployment_to_distribution_flow_return_wrapper
FN:3,gerc20_tests::integration::test_full_flow::test_multiple_claim_cycles_return_wrapper
FNDA:1,gerc20_tests::integration::test_full_flow::test_multiple_claim_cycles_return_wrapper
FN:3,gerc20_tests::integration::test_full_flow::test_pool_initialization_token_ordering_return_wrapper
FNDA:1,gerc20_tests::integration::test_full_flow::test_pool_initialization_token_ordering_return_wrapper
FNF:4
FNH:4
DA:3,3
DA:11,1
DA:12,2
DA:14,1
DA:15,4
DA:16,3
DA:17,1
DA:18,2
DA:19,3
DA:20,2
DA:21,1
DA:29,1
DA:30,2
DA:31,3
DA:32,3
DA:33,3
DA:34,3
DA:35,3
DA:36,3
DA:37,3
DA:38,3
DA:39,3
DA:40,2
DA:41,2
DA:42,1
DA:43,1
DA:46,2
DA:47,3
DA:48,1
DA:49,2
DA:50,0
DA:51,1
DA:52,1
DA:53,2
DA:54,1
DA:55,1
DA:56,2
DA:58,1
DA:59,2
DA:60,1
DA:62,1
DA:63,1
DA:65,1
DA:66,1
DA:67,1
DA:68,1
DA:69,1
DA:71,1
DA:72,2
DA:75,1
DA:78,1
DA:81,1
DA:84,1
DA:87,2
DA:88,1
DA:91,1
DA:97,1
DA:103,1
DA:104,1
LF:59
LH:58
end_of_record
TN:
SF:/workspaces/twamm-distributed-erc20/tests/integration/test_time_based.cairo
FN:12,gerc20_tests::integration::test_time_based::array_inline_macro
FNDA:1,gerc20_tests::integration::test_time_based::array_inline_macro
FN:8,gerc20_tests::integration::test_time_based::setup_distribution
FNDA:1,gerc20_tests::integration::test_time_based::setup_distribution
FN:3,gerc20_tests::integration::test_time_based::test_distribution_time_periods_return_wrapper
FNDA:1,gerc20_tests::integration::test_time_based::test_distribution_time_periods_return_wrapper
FN:3,gerc20_tests::integration::test_time_based::test_long_running_distribution_return_wrapper
FNDA:1,gerc20_tests::integration::test_time_based::test_long_running_distribution_return_wrapper
FN:3,gerc20_tests::integration::test_time_based::test_time_progression_claims_return_wrapper
FNDA:1,gerc20_tests::integration::test_time_based::test_time_progression_claims_return_wrapper
FN:3,gerc20_tests::integration::test_time_based::test_time_rounding_edge_cases_return_wrapper
FNDA:1,gerc20_tests::integration::test_time_based::test_time_rounding_edge_cases_return_wrapper
FNF:6
FNH:6
DA:3,4
DA:8,1
DA:11,5
DA:12,2
DA:14,4
DA:15,2
DA:16,1
DA:17,1
DA:20,3
DA:21,3
DA:23,2
DA:24,4
DA:25,3
DA:26,1
DA:27,2
DA:28,5
DA:29,4
DA:30,1
DA:31,2
DA:32,1
DA:33,1
DA:34,1
DA:35,3
DA:36,4
DA:37,2
DA:38,5
DA:39,1
DA:40,1
DA:41,1
DA:42,2
DA:43,1
DA:44,1
DA:45,1
DA:48,1
DA:50,1
DA:51,1
DA:54,2
DA:55,2
DA:56,1
DA:62,1
DA:68,1
DA:69,1
LF:42
LH:42
end_of_record
TN:
SF:/workspaces/twamm-distributed-erc20/tests/mocks/mock_core.cairo
FN:13,gerc20_tests::mocks::mock_core::MockCore::__wrapper__initialize_pool
FNDA:0,gerc20_tests::mocks::mock_core::MockCore::__wrapper__initialize_pool
FN:17,gerc20_tests::mocks::mock_core::MockCore::initialize_pool
FNDA:0,gerc20_tests::mocks::mock_core::MockCore::initialize_pool
FNF:2
FNH:0
DA:13,0
DA:17,0
DA:18,0
LF:3
LH:0
end_of_record
TN:
SF:/workspaces/twamm-distributed-erc20/tests/mocks/mock_erc20.cairo
FN:8,gerc20_tests::mocks::mock_erc20::MockERC20::ContractStateERC20MixinImpl::unsafe_new_contract_state
FNDA:1,gerc20_tests::mocks::mock_erc20::MockERC20::ContractStateERC20MixinImpl::unsafe_new_contract_state
FN:1,gerc20_tests::mocks::mock_erc20::MockERC20::ContractStateEventEmitter::emit
FNDA:1,gerc20_tests::mocks::mock_erc20::MockERC20::ContractStateEventEmitter::emit
FN:19,gerc20_tests::mocks::mock_erc20::MockERC20::EventIsEvent::append_keys_and_data
FNDA:1,gerc20_tests::mocks::mock_erc20::MockERC20::EventIsEvent::append_keys_and_data
FN:6,gerc20_tests::mocks::mock_erc20::MockERC20::HasComponentImpl_ERC20Component::emit
FNDA:1,gerc20_tests::mocks::mock_erc20::MockERC20::HasComponentImpl_ERC20Component::emit
FN:6,gerc20_tests::mocks::mock_erc20::MockERC20::HasComponentImpl_ERC20Component::get_component
FNDA:0,gerc20_tests::mocks::mock_erc20::MockERC20::HasComponentImpl_ERC20Component::get_component
FN:6,gerc20_tests::mocks::mock_erc20::MockERC20::HasComponentImpl_ERC20Component::get_component_mut
FNDA:1,gerc20_tests::mocks::mock_erc20::MockERC20::HasComponentImpl_ERC20Component::get_component_mut
FN:6,gerc20_tests::mocks::mock_erc20::MockERC20::HasComponentImpl_ERC20Component::get_contract_mut
FNDA:1,gerc20_tests::mocks::mock_erc20::MockERC20::HasComponentImpl_ERC20Component::get_contract_mut
FN:25,gerc20_tests::mocks::mock_erc20::MockERC20::__wrapper__constructor
FNDA:1,gerc20_tests::mocks::mock_erc20::MockERC20::__wrapper__constructor
FN:33,gerc20_tests::mocks::mock_erc20::MockERC20::constructor
FNDA:1,gerc20_tests::mocks::mock_erc20::MockERC20::constructor
FN:14,gerc20_tests::mocks::mock_erc20::MockERC20::unsafe_new_contract_state
FNDA:0,gerc20_tests::mocks::mock_erc20::MockERC20::unsafe_new_contract_state
FNF:10
FNH:8
DA:1,1
DA:6,3
DA:8,1
DA:14,0
DA:19,1
DA:25,1
DA:33,1
DA:34,1
LF:8
LH:7
end_of_record
TN:
SF:/workspaces/twamm-distributed-erc20/tests/mocks/mock_positions.cairo
FN:35,gerc20_tests::mocks::mock_positions::MockPositions::__wrapper__increase_sell_amount
FNDA:0,gerc20_tests::mocks::mock_positions::MockPositions::__wrapper__increase_sell_amount
FN:13,gerc20_tests::mocks::mock_positions::MockPositions::__wrapper__mint_and_increase_sell_amount
FNDA:1,gerc20_tests::mocks::mock_positions::MockPositions::__wrapper__mint_and_increase_sell_amount
FN:27,gerc20_tests::mocks::mock_positions::MockPositions::__wrapper__withdraw_proceeds_from_sale_to_self
FNDA:0,gerc20_tests::mocks::mock_positions::MockPositions::__wrapper__withdraw_proceeds_from_sale_to_self
FN:39,gerc20_tests::mocks::mock_positions::MockPositions::increase_sell_amount
FNDA:0,gerc20_tests::mocks::mock_positions::MockPositions::increase_sell_amount
FN:18,gerc20_tests::mocks::mock_positions::MockPositions::mint_and_increase_sell_amount
FNDA:1,gerc20_tests::mocks::mock_positions::MockPositions::mint_and_increase_sell_amount
FNF:5
FNH:2
DA:13,1
DA:18,1
DA:19,1
DA:21,1
DA:22,1
DA:27,0
DA:35,0
DA:39,0
LF:8
LH:5
end_of_record
TN:
SF:/workspaces/twamm-distributed-erc20/tests/mocks/mock_token_registry.cairo
FN:12,gerc20_tests::mocks::mock_token_registry::MockTokenRegistry::__wrapper__register_token
FNDA:1,gerc20_tests::mocks::mock_token_registry::MockTokenRegistry::__wrapper__register_token
FN:14,gerc20_tests::mocks::mock_token_registry::MockTokenRegistry::register_token
FNDA:1,gerc20_tests::mocks::mock_token_registry::MockTokenRegistry::register_token
FNF:2
FNH:2
DA:12,1
DA:14,1
LF:2
LH:2
end_of_record
TN:
SF:/workspaces/twamm-distributed-erc20/tests/test_contract.cairo
FN:13,gerc20_tests::test_contract::array_inline_macro
FNDA:1,gerc20_tests::test_contract::array_inline_macro
FN:3,gerc20_tests::test_contract::test_address_comparison_return_wrapper
FNDA:1,gerc20_tests::test_contract::test_address_comparison_return_wrapper
FN:3,gerc20_tests::test_contract::test_basic_arithmetic_return_wrapper
FNDA:1,gerc20_tests::test_contract::test_basic_arithmetic_return_wrapper
FN:3,gerc20_tests::test_contract::test_declare_contracts_return_wrapper
FNDA:1,gerc20_tests::test_contract::test_declare_contracts_return_wrapper
FN:3,gerc20_tests::test_contract::test_deploy_mocks_return_wrapper
FNDA:1,gerc20_tests::test_contract::test_deploy_mocks_return_wrapper
FNF:5
FNH:5
DA:3,4
DA:11,1
DA:12,3
DA:13,4
DA:14,1
DA:16,1
DA:17,2
DA:18,2
DA:19,2
DA:20,1
DA:22,2
DA:23,3
DA:24,1
LF:13
LH:13
end_of_record
TN:
SF:/workspaces/twamm-distributed-erc20/tests/test_registry_interaction.cairo
FN:13,gerc20_tests::test_registry_interaction::array_inline_macro
FNDA:1,gerc20_tests::test_registry_interaction::array_inline_macro
FN:3,gerc20_tests::test_registry_interaction::test_registry_interaction_isolated_return_wrapper
FNDA:1,gerc20_tests::test_registry_interaction::test_registry_interaction_isolated_return_wrapper
FNF:2
FNH:2
DA:3,1
DA:12,1
DA:13,2
DA:16,1
DA:17,1
DA:18,1
DA:19,1
DA:20,1
DA:21,1
DA:23,1
DA:25,1
DA:27,1
DA:34,1
LF:13
LH:13
end_of_record
TN:
SF:/workspaces/twamm-distributed-erc20/tests/unit/test_claim_and_sell_proceeds.cairo
FN:8,gerc20_tests::unit::test_claim_and_sell_proceeds::array_inline_macro
FNDA:1,gerc20_tests::unit::test_claim_and_sell_proceeds::array_inline_macro
FN:9,gerc20_tests::unit::test_claim_and_sell_proceeds::setup_contract_with_distribution
FNDA:1,gerc20_tests::unit::test_claim_and_sell_proceeds::setup_contract_with_distribution
FN:3,gerc20_tests::unit::test_claim_and_sell_proceeds::test_claim_and_sell_proceeds_success_return_wrapper
FNDA:1,gerc20_tests::unit::test_claim_and_sell_proceeds::test_claim_and_sell_proceeds_success_return_wrapper
FN:4,gerc20_tests::unit::test_claim_and_sell_proceeds::test_claim_proceeds_revert_not_started_return_wrapper
FNDA:1,gerc20_tests::unit::test_claim_and_sell_proceeds::test_claim_proceeds_revert_not_started_return_wrapper
FN:3,gerc20_tests::unit::test_claim_and_sell_proceeds::test_claim_proceeds_updates_reward_rate_return_wrapper
FNDA:1,gerc20_tests::unit::test_claim_and_sell_proceeds::test_claim_proceeds_updates_reward_rate_return_wrapper
FN:3,gerc20_tests::unit::test_claim_and_sell_proceeds::test_claim_proceeds_zero_proceeds_return_wrapper
FNDA:1,gerc20_tests::unit::test_claim_and_sell_proceeds::test_claim_proceeds_zero_proceeds_return_wrapper
FNF:6
FNH:6
DA:3,3
DA:4,1
DA:8,0
DA:9,1
DA:11,3
DA:12,1
DA:13,2
DA:14,3
DA:15,0
DA:16,1
DA:17,1
DA:18,1
DA:20,1
DA:22,2
DA:24,1
DA:26,1
DA:27,2
DA:28,3
DA:29,1
DA:30,4
DA:31,2
DA:32,2
DA:33,4
DA:34,1
DA:35,1
DA:36,2
DA:37,1
DA:38,1
DA:40,1
DA:41,1
DA:42,1
DA:43,1
DA:44,2
DA:45,1
DA:46,1
DA:47,2
DA:48,2
DA:49,1
DA:50,1
DA:51,2
DA:52,1
DA:53,1
DA:55,1
DA:57,1
DA:58,1
DA:59,1
LF:46
LH:44
end_of_record
TN:
SF:/workspaces/twamm-distributed-erc20/tests/unit/test_constructor.cairo
FN:43,gerc20_tests::unit::test_constructor::array_inline_macro
FNDA:1,gerc20_tests::unit::test_constructor::array_inline_macro
FN:42,gerc20_tests::unit::test_constructor::deploy_with_params
FNDA:1,gerc20_tests::unit::test_constructor::deploy_with_params
FN:3,gerc20_tests::unit::test_constructor::test_constructor_maximum_supply_return_wrapper
FNDA:1,gerc20_tests::unit::test_constructor::test_constructor_maximum_supply_return_wrapper
FN:3,gerc20_tests::unit::test_constructor::test_constructor_minimum_supply_return_wrapper
FNDA:1,gerc20_tests::unit::test_constructor::test_constructor_minimum_supply_return_wrapper
FN:3,gerc20_tests::unit::test_constructor::test_constructor_valid_standard_params_return_wrapper
FNDA:1,gerc20_tests::unit::test_constructor::test_constructor_valid_standard_params_return_wrapper
FNF:5
FNH:5
DA:3,3
DA:11,2
DA:12,1
DA:13,3
DA:14,2
DA:15,2
DA:17,1
DA:18,1
DA:19,3
DA:20,3
DA:21,3
DA:22,2
DA:23,2
DA:27,1
DA:29,1
DA:30,1
DA:31,1
DA:32,2
DA:33,2
DA:36,1
DA:39,1
DA:40,1
DA:41,1
DA:42,2
DA:43,3
DA:45,1
DA:46,1
DA:47,2
DA:48,2
DA:49,2
DA:50,2
DA:51,1
DA:52,1
DA:53,1
DA:54,1
DA:55,1
DA:56,1
DA:57,1
DA:58,1
DA:60,1
LF:40
LH:40
end_of_record
TN:
SF:/workspaces/twamm-distributed-erc20/tests/unit/test_constructor_boundary.cairo
FN:20,gerc20_tests::unit::test_constructor_boundary::array_inline_macro
FNDA:1,gerc20_tests::unit::test_constructor_boundary::array_inline_macro
FN:19,gerc20_tests::unit::test_constructor_boundary::prepare_constructor_calldata_with_registry
FNDA:1,gerc20_tests::unit::test_constructor_boundary::prepare_constructor_calldata_with_registry
FN:3,gerc20_tests::unit::test_constructor_boundary::test_constructor_boundary_empty_name_symbol_return_wrapper
FNDA:1,gerc20_tests::unit::test_constructor_boundary::test_constructor_boundary_empty_name_symbol_return_wrapper
FN:3,gerc20_tests::unit::test_constructor_boundary::test_constructor_boundary_long_name_symbol_return_wrapper
FNDA:1,gerc20_tests::unit::test_constructor_boundary::test_constructor_boundary_long_name_symbol_return_wrapper
FN:3,gerc20_tests::unit::test_constructor_boundary::test_constructor_boundary_max_pool_fee_tick_spacing_return_wrapper
FNDA:1,gerc20_tests::unit::test_constructor_boundary::test_constructor_boundary_max_pool_fee_tick_spacing_return_wrapper
FN:3,gerc20_tests::unit::test_constructor_boundary::test_constructor_boundary_same_payment_reward_token_return_wrapper
FNDA:1,gerc20_tests::unit::test_constructor_boundary::test_constructor_boundary_same_payment_reward_token_return_wrapper
FN:3,gerc20_tests::unit::test_constructor_boundary::test_constructor_boundary_zero_pool_fee_tick_spacing_return_wrapper
FNDA:1,gerc20_tests::unit::test_constructor_boundary::test_constructor_boundary_zero_pool_fee_tick_spacing_return_wrapper
FNF:7
FNH:7
DA:3,5
DA:11,5
DA:13,3
DA:14,4
DA:15,5
DA:16,1
DA:17,2
DA:19,1
DA:20,2
DA:22,1
DA:23,1
DA:24,1
DA:25,1
DA:26,1
DA:27,4
DA:28,4
DA:29,2
DA:30,2
DA:31,2
DA:32,2
DA:33,1
LF:21
LH:21
end_of_record
TN:
SF:/workspaces/twamm-distributed-erc20/tests/unit/test_constructor_fixed.cairo
FN:18,gerc20_tests::unit::test_constructor_fixed::array_inline_macro
FNDA:1,gerc20_tests::unit::test_constructor_fixed::array_inline_macro
FN:3,gerc20_tests::unit::test_constructor_fixed::test_constructor_works_after_fix_return_wrapper
FNDA:1,gerc20_tests::unit::test_constructor_fixed::test_constructor_works_after_fix_return_wrapper
FNF:2
FNH:2
DA:3,1
DA:12,1
DA:14,1
DA:17,1
DA:18,2
DA:21,1
DA:22,1
DA:23,1
DA:33,1
DA:34,1
DA:35,1
DA:36,1
DA:37,1
DA:38,1
DA:39,1
DA:40,1
DA:41,1
DA:42,1
DA:43,1
DA:46,1
DA:47,1
DA:49,1
DA:56,1
DA:59,1
DA:62,1
DA:65,1
DA:66,1
DA:67,1
DA:68,1
DA:69,1
DA:72,1
DA:73,1
DA:74,1
DA:75,1
DA:76,1
LF:35
LH:35
end_of_record
TN:
SF:/workspaces/twamm-distributed-erc20/tests/unit/test_constructor_reverts.cairo
FN:19,gerc20_tests::unit::test_constructor_reverts::array_inline_macro
FNDA:1,gerc20_tests::unit::test_constructor_reverts::array_inline_macro
FN:20,gerc20_tests::unit::test_constructor_reverts::prepare_constructor_calldata
FNDA:1,gerc20_tests::unit::test_constructor_reverts::prepare_constructor_calldata
FN:3,gerc20_tests::unit::test_constructor_reverts::test_constructor_revert_zero_core_address_return_wrapper
FNDA:1,gerc20_tests::unit::test_constructor_reverts::test_constructor_revert_zero_core_address_return_wrapper
FN:3,gerc20_tests::unit::test_constructor_reverts::test_constructor_revert_zero_extension_address_return_wrapper
FNDA:1,gerc20_tests::unit::test_constructor_reverts::test_constructor_revert_zero_extension_address_return_wrapper
FN:3,gerc20_tests::unit::test_constructor_reverts::test_constructor_revert_zero_payment_token_return_wrapper
FNDA:1,gerc20_tests::unit::test_constructor_reverts::test_constructor_revert_zero_payment_token_return_wrapper
FN:3,gerc20_tests::unit::test_constructor_reverts::test_constructor_revert_zero_positions_address_return_wrapper
FNDA:1,gerc20_tests::unit::test_constructor_reverts::test_constructor_revert_zero_positions_address_return_wrapper
FN:3,gerc20_tests::unit::test_constructor_reverts::test_constructor_revert_zero_registry_address_return_wrapper
FNDA:1,gerc20_tests::unit::test_constructor_reverts::test_constructor_revert_zero_registry_address_return_wrapper
FN:3,gerc20_tests::unit::test_constructor_reverts::test_constructor_revert_zero_reward_token_return_wrapper
FNDA:1,gerc20_tests::unit::test_constructor_reverts::test_constructor_revert_zero_reward_token_return_wrapper
FN:3,gerc20_tests::unit::test_constructor_reverts::test_constructor_revert_zero_total_supply_return_wrapper
FNDA:1,gerc20_tests::unit::test_constructor_reverts::test_constructor_revert_zero_total_supply_return_wrapper
FNF:9
FNH:9
DA:3,7
DA:11,7
DA:13,7
DA:14,7
DA:15,7
DA:19,1
DA:20,1
DA:21,1
DA:22,1
DA:23,1
DA:24,1
DA:25,1
DA:26,1
DA:27,8
DA:28,8
DA:29,1
DA:30,1
LF:17
LH:17
end_of_record
TN:
SF:/workspaces/twamm-distributed-erc20/tests/unit/test_getters.cairo
FN:15,gerc20_tests::unit::test_getters::array_inline_macro
FNDA:1,gerc20_tests::unit::test_getters::array_inline_macro
FN:9,gerc20_tests::unit::test_getters::setup_contract
FNDA:1,gerc20_tests::unit::test_getters::setup_contract
FN:3,gerc20_tests::unit::test_getters::test_deployed_at_timestamp_return_wrapper
FNDA:1,gerc20_tests::unit::test_getters::test_deployed_at_timestamp_return_wrapper
FN:3,gerc20_tests::unit::test_getters::test_get_distribution_pool_key_return_wrapper
FNDA:1,gerc20_tests::unit::test_getters::test_get_distribution_pool_key_return_wrapper
FN:3,gerc20_tests::unit::test_getters::test_getters_after_deployment_return_wrapper
FNDA:1,gerc20_tests::unit::test_getters::test_getters_after_deployment_return_wrapper
FN:3,gerc20_tests::unit::test_getters::test_getters_after_state_changes_return_wrapper
FNDA:1,gerc20_tests::unit::test_getters::test_getters_after_state_changes_return_wrapper
FNF:6
FNH:6
DA:3,4
DA:9,1
DA:11,5
DA:13,1
DA:14,4
DA:15,3
DA:16,2
DA:17,2
DA:18,3
DA:19,2
DA:20,2
DA:22,2
DA:23,2
DA:24,1
DA:25,1
DA:26,3
DA:27,2
DA:30,1
DA:31,1
DA:32,2
DA:33,2
DA:34,1
DA:35,1
DA:36,2
DA:37,2
DA:38,2
DA:39,2
DA:40,1
DA:42,1
DA:43,1
LF:30
LH:30
end_of_record
TN:
SF:/workspaces/twamm-distributed-erc20/tests/unit/test_helpers.cairo
FN:3,gerc20_tests::unit::test_helpers::test_order_key_fields_return_wrapper
FNDA:1,gerc20_tests::unit::test_helpers::test_order_key_fields_return_wrapper
FN:3,gerc20_tests::unit::test_helpers::test_pool_key_token_ordering_return_wrapper
FNDA:1,gerc20_tests::unit::test_helpers::test_pool_key_token_ordering_return_wrapper
FN:3,gerc20_tests::unit::test_helpers::test_register_token_logic_return_wrapper
FNDA:1,gerc20_tests::unit::test_helpers::test_register_token_logic_return_wrapper
FN:3,gerc20_tests::unit::test_helpers::test_reward_order_key_generation_return_wrapper
FNDA:1,gerc20_tests::unit::test_helpers::test_reward_order_key_generation_return_wrapper
FN:3,gerc20_tests::unit::test_helpers::test_time_difference_to_step_size_logic_return_wrapper
FNDA:1,gerc20_tests::unit::test_helpers::test_time_difference_to_step_size_logic_return_wrapper
FN:3,gerc20_tests::unit::test_helpers::test_time_rounding_logic_return_wrapper
FNDA:1,gerc20_tests::unit::test_helpers::test_time_rounding_logic_return_wrapper
FNF:6
FNH:6
DA:3,6
DA:14,1
DA:15,2
DA:16,1
DA:18,1
DA:19,1
DA:20,2
DA:21,1
DA:22,1
DA:23,1
LF:10
LH:10
end_of_record
TN:
SF:/workspaces/twamm-distributed-erc20/tests/unit/test_init_distribution_pool.cairo
FN:8,gerc20_tests::unit::test_init_distribution_pool::array_inline_macro
FNDA:1,gerc20_tests::unit::test_init_distribution_pool::array_inline_macro
FN:8,gerc20_tests::unit::test_init_distribution_pool::deploy_contract
FNDA:1,gerc20_tests::unit::test_init_distribution_pool::deploy_contract
FN:4,gerc20_tests::unit::test_init_distribution_pool::test_init_pool_already_initialized_return_wrapper
FNDA:1,gerc20_tests::unit::test_init_distribution_pool::test_init_pool_already_initialized_return_wrapper
FN:3,gerc20_tests::unit::test_init_distribution_pool::test_init_pool_core_dispatcher_failure_return_wrapper
FNDA:1,gerc20_tests::unit::test_init_distribution_pool::test_init_pool_core_dispatcher_failure_return_wrapper
FN:3,gerc20_tests::unit::test_init_distribution_pool::test_init_pool_first_successful_return_wrapper
FNDA:1,gerc20_tests::unit::test_init_distribution_pool::test_init_pool_first_successful_return_wrapper
FN:3,gerc20_tests::unit::test_init_distribution_pool::test_pool_key_generation_logic_return_wrapper
FNDA:1,gerc20_tests::unit::test_init_distribution_pool::test_pool_key_generation_logic_return_wrapper
FNF:6
FNH:6
DA:3,3
DA:4,1
DA:8,1
DA:11,3
DA:12,2
DA:14,1
DA:15,2
DA:16,1
DA:17,1
DA:18,1
DA:22,1
DA:23,2
DA:24,1
DA:25,1
DA:26,1
DA:27,2
DA:28,1
DA:29,1
DA:30,1
DA:31,1
DA:32,1
DA:33,1
DA:34,1
DA:35,2
DA:36,1
DA:37,1
DA:38,1
DA:39,1
LF:28
LH:28
end_of_record
TN:
SF:/workspaces/twamm-distributed-erc20/tests/unit/test_start_token_distribution.cairo
FN:8,gerc20_tests::unit::test_start_token_distribution::array_inline_macro
FNDA:1,gerc20_tests::unit::test_start_token_distribution::array_inline_macro
FN:9,gerc20_tests::unit::test_start_token_distribution::setup_contract
FNDA:1,gerc20_tests::unit::test_start_token_distribution::setup_contract
FN:4,gerc20_tests::unit::test_start_token_distribution::test_start_distribution_aligned_end_time_return_wrapper
FNDA:1,gerc20_tests::unit::test_start_token_distribution::test_start_distribution_aligned_end_time_return_wrapper
FN:4,gerc20_tests::unit::test_start_token_distribution::test_start_distribution_revert_already_started_return_wrapper
FNDA:1,gerc20_tests::unit::test_start_token_distribution::test_start_distribution_revert_already_started_return_wrapper
FN:4,gerc20_tests::unit::test_start_token_distribution::test_start_distribution_revert_end_time_past_return_wrapper
FNDA:1,gerc20_tests::unit::test_start_token_distribution::test_start_distribution_revert_end_time_past_return_wrapper
FN:4,gerc20_tests::unit::test_start_token_distribution::test_start_distribution_revert_pool_not_initialized_return_wrapper
FNDA:1,gerc20_tests::unit::test_start_token_distribution::test_start_distribution_revert_pool_not_initialized_return_wrapper
FN:3,gerc20_tests::unit::test_start_token_distribution::test_start_distribution_success_return_wrapper
FNDA:1,gerc20_tests::unit::test_start_token_distribution::test_start_distribution_success_return_wrapper
FN:4,gerc20_tests::unit::test_start_token_distribution::test_start_distribution_valid_future_end_time_return_wrapper
FNDA:1,gerc20_tests::unit::test_start_token_distribution::test_start_distribution_valid_future_end_time_return_wrapper
FNF:8
FNH:8
DA:3,1
DA:4,5
DA:8,0
DA:9,1
DA:11,1
DA:12,1
DA:13,2
DA:14,1
DA:15,0
DA:16,1
DA:17,2
DA:20,2
DA:21,1
DA:22,1
DA:24,5
DA:25,1
DA:26,1
DA:27,5
DA:29,1
DA:30,2
DA:31,3
DA:32,1
DA:33,3
DA:34,2
DA:35,2
DA:36,3
DA:37,2
DA:38,1
DA:39,1
DA:40,2
DA:41,1
DA:42,1
DA:43,2
DA:44,1
LF:34
LH:32
end_of_record
TN:
SF:/workspaces/twamm-distributed-erc20/tests/unit/test_transfer_from_issue.cairo
FN:18,gerc20_tests::unit::test_transfer_from_issue::array_inline_macro
FNDA:1,gerc20_tests::unit::test_transfer_from_issue::array_inline_macro
FN:3,gerc20_tests::unit::test_transfer_from_issue::test_constructor_transfer_from_issue_return_wrapper
FNDA:1,gerc20_tests::unit::test_transfer_from_issue::test_constructor_transfer_from_issue_return_wrapper
FNF:2
FNH:2
DA:3,1
DA:14,1
DA:17,1
DA:18,2
DA:21,1
DA:22,1
DA:23,1
DA:33,1
DA:34,1
DA:35,1
DA:36,1
DA:37,1
DA:38,1
DA:39,1
DA:40,1
DA:41,1
DA:42,1
DA:43,1
DA:46,1
DA:47,1
LF:20
LH:20
end_of_record
TN:
SF:/workspaces/twamm-distributed-erc20/src/contract.cairo
FN:23,gerc20::contract::EkuboDistributedERC20::ContractStateERC20MixinImpl::unsafe_new_contract_state
FNDA:1,gerc20::contract::EkuboDistributedERC20::ContractStateERC20MixinImpl::unsafe_new_contract_state
FN:5,gerc20::contract::EkuboDistributedERC20::ContractStateEventEmitter::emit
FNDA:1,gerc20::contract::EkuboDistributedERC20::ContractStateEventEmitter::emit
FN:157,gerc20::contract::EkuboDistributedERC20::EkuboDistributedERC20Impl::claim_and_sell_proceeds
FNDA:1,gerc20::contract::EkuboDistributedERC20::EkuboDistributedERC20Impl::claim_and_sell_proceeds
FN:197,gerc20::contract::EkuboDistributedERC20::EkuboDistributedERC20Impl::get_distribution_order_key
FNDA:1,gerc20::contract::EkuboDistributedERC20::EkuboDistributedERC20Impl::get_distribution_order_key
FN:203,gerc20::contract::EkuboDistributedERC20::EkuboDistributedERC20Impl::get_distribution_pool_key
FNDA:0,gerc20::contract::EkuboDistributedERC20::EkuboDistributedERC20Impl::get_distribution_pool_key
FN:227,gerc20::contract::EkuboDistributedERC20::EkuboDistributedERC20Impl::get_reward_order_key
FNDA:0,gerc20::contract::EkuboDistributedERC20::EkuboDistributedERC20Impl::get_reward_order_key
FN:123,gerc20::contract::EkuboDistributedERC20::EkuboDistributedERC20Impl::init_distribution_pool
FNDA:1,gerc20::contract::EkuboDistributedERC20::EkuboDistributedERC20Impl::init_distribution_pool
FN:135,gerc20::contract::EkuboDistributedERC20::EkuboDistributedERC20Impl::start_token_distribution
FNDA:1,gerc20::contract::EkuboDistributedERC20::EkuboDistributedERC20Impl::start_token_distribution
FN:51,gerc20::contract::EkuboDistributedERC20::EventIsEvent::append_keys_and_data
FNDA:0,gerc20::contract::EkuboDistributedERC20::EventIsEvent::append_keys_and_data
FN:21,gerc20::contract::EkuboDistributedERC20::HasComponentImpl_ERC20Component::emit
FNDA:1,gerc20::contract::EkuboDistributedERC20::HasComponentImpl_ERC20Component::emit
FN:21,gerc20::contract::EkuboDistributedERC20::HasComponentImpl_ERC20Component::get_component
FNDA:1,gerc20::contract::EkuboDistributedERC20::HasComponentImpl_ERC20Component::get_component
FN:21,gerc20::contract::EkuboDistributedERC20::HasComponentImpl_ERC20Component::get_component_mut
FNDA:1,gerc20::contract::EkuboDistributedERC20::HasComponentImpl_ERC20Component::get_component_mut
FN:21,gerc20::contract::EkuboDistributedERC20::HasComponentImpl_ERC20Component::get_contract_mut
FNDA:1,gerc20::contract::EkuboDistributedERC20::HasComponentImpl_ERC20Component::get_contract_mut
FN:156,gerc20::contract::EkuboDistributedERC20::__wrapper__EkuboDistributedERC20Impl__claim_and_sell_proceeds
FNDA:1,gerc20::contract::EkuboDistributedERC20::__wrapper__EkuboDistributedERC20Impl__claim_and_sell_proceeds
FN:188,gerc20::contract::EkuboDistributedERC20::__wrapper__EkuboDistributedERC20Impl__get_deployed_at
FNDA:1,gerc20::contract::EkuboDistributedERC20::__wrapper__EkuboDistributedERC20Impl__get_deployed_at
FN:192,gerc20::contract::EkuboDistributedERC20::__wrapper__EkuboDistributedERC20Impl__get_distribution_end_time
FNDA:1,gerc20::contract::EkuboDistributedERC20::__wrapper__EkuboDistributedERC20Impl__get_distribution_end_time
FN:196,gerc20::contract::EkuboDistributedERC20::__wrapper__EkuboDistributedERC20Impl__get_distribution_order_key
FNDA:0,gerc20::contract::EkuboDistributedERC20::__wrapper__EkuboDistributedERC20Impl__get_distribution_order_key
FN:202,gerc20::contract::EkuboDistributedERC20::__wrapper__EkuboDistributedERC20Impl__get_distribution_pool_key
FNDA:1,gerc20::contract::EkuboDistributedERC20::__wrapper__EkuboDistributedERC20Impl__get_distribution_pool_key
FN:206,gerc20::contract::EkuboDistributedERC20::__wrapper__EkuboDistributedERC20Impl__get_distribution_start_time
FNDA:1,gerc20::contract::EkuboDistributedERC20::__wrapper__EkuboDistributedERC20Impl__get_distribution_start_time
FN:234,gerc20::contract::EkuboDistributedERC20::__wrapper__EkuboDistributedERC20Impl__get_extension_address
FNDA:1,gerc20::contract::EkuboDistributedERC20::__wrapper__EkuboDistributedERC20Impl__get_extension_address
FN:230,gerc20::contract::EkuboDistributedERC20::__wrapper__EkuboDistributedERC20Impl__get_payment_token
FNDA:1,gerc20::contract::EkuboDistributedERC20::__wrapper__EkuboDistributedERC20Impl__get_payment_token
FN:210,gerc20::contract::EkuboDistributedERC20::__wrapper__EkuboDistributedERC20Impl__get_pool_fee
FNDA:1,gerc20::contract::EkuboDistributedERC20::__wrapper__EkuboDistributedERC20Impl__get_pool_fee
FN:214,gerc20::contract::EkuboDistributedERC20::__wrapper__EkuboDistributedERC20Impl__get_pool_id
FNDA:1,gerc20::contract::EkuboDistributedERC20::__wrapper__EkuboDistributedERC20Impl__get_pool_id
FN:218,gerc20::contract::EkuboDistributedERC20::__wrapper__EkuboDistributedERC20Impl__get_position_token_id
FNDA:1,gerc20::contract::EkuboDistributedERC20::__wrapper__EkuboDistributedERC20Impl__get_position_token_id
FN:222,gerc20::contract::EkuboDistributedERC20::__wrapper__EkuboDistributedERC20Impl__get_reward_distribution_duration
FNDA:0,gerc20::contract::EkuboDistributedERC20::__wrapper__EkuboDistributedERC20Impl__get_reward_distribution_duration
FN:184,gerc20::contract::EkuboDistributedERC20::__wrapper__EkuboDistributedERC20Impl__get_reward_distribution_rate
FNDA:1,gerc20::contract::EkuboDistributedERC20::__wrapper__EkuboDistributedERC20Impl__get_reward_distribution_rate
FN:226,gerc20::contract::EkuboDistributedERC20::__wrapper__EkuboDistributedERC20Impl__get_reward_order_key
FNDA:0,gerc20::contract::EkuboDistributedERC20::__wrapper__EkuboDistributedERC20Impl__get_reward_order_key
FN:238,gerc20::contract::EkuboDistributedERC20::__wrapper__EkuboDistributedERC20Impl__get_reward_token
FNDA:1,gerc20::contract::EkuboDistributedERC20::__wrapper__EkuboDistributedERC20Impl__get_reward_token
FN:242,gerc20::contract::EkuboDistributedERC20::__wrapper__EkuboDistributedERC20Impl__get_tick_spacing
FNDA:1,gerc20::contract::EkuboDistributedERC20::__wrapper__EkuboDistributedERC20Impl__get_tick_spacing
FN:180,gerc20::contract::EkuboDistributedERC20::__wrapper__EkuboDistributedERC20Impl__get_token_distribution_rate
FNDA:1,gerc20::contract::EkuboDistributedERC20::__wrapper__EkuboDistributedERC20Impl__get_token_distribution_rate
FN:122,gerc20::contract::EkuboDistributedERC20::__wrapper__EkuboDistributedERC20Impl__init_distribution_pool
FNDA:1,gerc20::contract::EkuboDistributedERC20::__wrapper__EkuboDistributedERC20Impl__init_distribution_pool
FN:134,gerc20::contract::EkuboDistributedERC20::__wrapper__EkuboDistributedERC20Impl__start_token_distribution
FNDA:1,gerc20::contract::EkuboDistributedERC20::__wrapper__EkuboDistributedERC20Impl__start_token_distribution
FN:67,gerc20::contract::EkuboDistributedERC20::__wrapper__constructor
FNDA:1,gerc20::contract::EkuboDistributedERC20::__wrapper__constructor
FN:259,gerc20::contract::EkuboDistributedERC20::_get_deployed_at
FNDA:1,gerc20::contract::EkuboDistributedERC20::_get_deployed_at
FN:264,gerc20::contract::EkuboDistributedERC20::_get_distribution_end_time
FNDA:1,gerc20::contract::EkuboDistributedERC20::_get_distribution_end_time
FN:347,gerc20::contract::EkuboDistributedERC20::_get_distribution_order_key
FNDA:1,gerc20::contract::EkuboDistributedERC20::_get_distribution_order_key
FN:318,gerc20::contract::EkuboDistributedERC20::_get_distribution_pool_key
FNDA:1,gerc20::contract::EkuboDistributedERC20::_get_distribution_pool_key
FN:269,gerc20::contract::EkuboDistributedERC20::_get_distribution_start_time
FNDA:1,gerc20::contract::EkuboDistributedERC20::_get_distribution_start_time
FN:302,gerc20::contract::EkuboDistributedERC20::_get_extension_address
FNDA:1,gerc20::contract::EkuboDistributedERC20::_get_extension_address
FN:297,gerc20::contract::EkuboDistributedERC20::_get_payment_token
FNDA:1,gerc20::contract::EkuboDistributedERC20::_get_payment_token
FN:274,gerc20::contract::EkuboDistributedERC20::_get_pool_fee
FNDA:1,gerc20::contract::EkuboDistributedERC20::_get_pool_fee
FN:279,gerc20::contract::EkuboDistributedERC20::_get_pool_id
FNDA:1,gerc20::contract::EkuboDistributedERC20::_get_pool_id
FN:284,gerc20::contract::EkuboDistributedERC20::_get_position_token_id
FNDA:1,gerc20::contract::EkuboDistributedERC20::_get_position_token_id
FN:289,gerc20::contract::EkuboDistributedERC20::_get_reward_distribution_duration
FNDA:1,gerc20::contract::EkuboDistributedERC20::_get_reward_distribution_duration
FN:254,gerc20::contract::EkuboDistributedERC20::_get_reward_distribution_rate
FNDA:0,gerc20::contract::EkuboDistributedERC20::_get_reward_distribution_rate
FN:358,gerc20::contract::EkuboDistributedERC20::_get_reward_order_key
FNDA:1,gerc20::contract::EkuboDistributedERC20::_get_reward_order_key
FN:307,gerc20::contract::EkuboDistributedERC20::_get_reward_token
FNDA:1,gerc20::contract::EkuboDistributedERC20::_get_reward_token
FN:312,gerc20::contract::EkuboDistributedERC20::_get_tick_spacing
FNDA:1,gerc20::contract::EkuboDistributedERC20::_get_tick_spacing
FN:249,gerc20::contract::EkuboDistributedERC20::_get_token_distribution_rate
FNDA:0,gerc20::contract::EkuboDistributedERC20::_get_token_distribution_rate
FN:408,gerc20::contract::EkuboDistributedERC20::_register_token
FNDA:1,gerc20::contract::EkuboDistributedERC20::_register_token
FN:389,gerc20::contract::EkuboDistributedERC20::_time_difference_to_step_size
FNDA:1,gerc20::contract::EkuboDistributedERC20::_time_difference_to_step_size
FN:370,gerc20::contract::EkuboDistributedERC20::_to_nearest_valid_time
FNDA:1,gerc20::contract::EkuboDistributedERC20::_to_nearest_valid_time
FN:84,gerc20::contract::EkuboDistributedERC20::constructor
FNDA:1,gerc20::contract::EkuboDistributedERC20::constructor
FN:34,gerc20::contract::EkuboDistributedERC20::unsafe_new_contract_state
FNDA:0,gerc20::contract::EkuboDistributedERC20::unsafe_new_contract_state
FNF:54
FNH:45
DA:5,1
DA:21,4
DA:23,1
DA:34,0
DA:51,0
DA:67,1
DA:84,1
DA:85,1
DA:86,1
DA:87,1
DA:88,1
DA:89,1
DA:90,1
DA:93,1
DA:96,1
DA:97,1
DA:98,1
DA:99,1
DA:100,1
DA:103,1
DA:104,1
DA:105,1
DA:106,1
DA:107,1
DA:112,1
DA:115,1
DA:122,1
DA:123,1
DA:124,1
DA:126,1
DA:127,1
DA:128,1
DA:134,1
DA:135,1
DA:136,1
DA:138,1
DA:139,1
DA:142,1
DA:143,1
DA:144,1
DA:145,1
DA:146,1
DA:148,1
DA:149,1
DA:150,1
DA:151,1
DA:156,1
DA:157,1
DA:158,0
DA:159,1
DA:161,1
DA:162,1
DA:163,1
DA:164,1
DA:165,1
DA:166,1
DA:170,1
DA:171,1
DA:175,1
DA:176,1
DA:177,1
DA:180,1
DA:184,1
DA:188,1
DA:192,1
DA:196,0
DA:197,1
DA:198,1
DA:199,1
DA:202,1
DA:203,0
DA:206,1
DA:210,1
DA:214,1
DA:218,1
DA:222,0
DA:226,0
DA:227,0
DA:230,1
DA:234,1
DA:238,1
DA:242,1
DA:249,0
DA:254,0
DA:259,1
DA:264,1
DA:269,1
DA:274,1
DA:279,1
DA:284,1
DA:289,1
DA:290,1
DA:291,1
DA:292,1
DA:297,1
DA:302,1
DA:307,1
DA:312,1
DA:318,1
DA:319,1
DA:320,1
DA:324,0
DA:325,0
DA:326,0
DA:329,1
DA:332,1
DA:333,1
DA:334,1
DA:347,1
DA:348,1
DA:349,0
DA:358,1
DA:359,1
DA:360,1
DA:362,1
DA:363,1
DA:364,1
DA:370,1
DA:371,0
DA:373,0
DA:374,1
DA:377,1
DA:378,1
DA:380,1
DA:384,1
DA:385,1
DA:389,1
DA:396,1
DA:397,0
DA:400,1
DA:401,1
DA:408,1
DA:409,1
DA:412,1
DA:415,0
LF:135
LH:117
end_of_record
TN:
SF:/workspaces/twamm-distributed-erc20/src/interfaces.cairo
FN:5,gerc20::interfaces::IEkuboDistributedERC20DispatcherImpl::claim_and_sell_proceeds
FNDA:1,gerc20::interfaces::IEkuboDistributedERC20DispatcherImpl::claim_and_sell_proceeds
FN:5,gerc20::interfaces::IEkuboDistributedERC20DispatcherImpl::get_deployed_at
FNDA:1,gerc20::interfaces::IEkuboDistributedERC20DispatcherImpl::get_deployed_at
FN:5,gerc20::interfaces::IEkuboDistributedERC20DispatcherImpl::get_distribution_end_time
FNDA:1,gerc20::interfaces::IEkuboDistributedERC20DispatcherImpl::get_distribution_end_time
FN:5,gerc20::interfaces::IEkuboDistributedERC20DispatcherImpl::get_distribution_pool_key
FNDA:1,gerc20::interfaces::IEkuboDistributedERC20DispatcherImpl::get_distribution_pool_key
FN:5,gerc20::interfaces::IEkuboDistributedERC20DispatcherImpl::get_distribution_start_time
FNDA:1,gerc20::interfaces::IEkuboDistributedERC20DispatcherImpl::get_distribution_start_time
FN:5,gerc20::interfaces::IEkuboDistributedERC20DispatcherImpl::get_extension_address
FNDA:1,gerc20::interfaces::IEkuboDistributedERC20DispatcherImpl::get_extension_address
FN:5,gerc20::interfaces::IEkuboDistributedERC20DispatcherImpl::get_payment_token
FNDA:1,gerc20::interfaces::IEkuboDistributedERC20DispatcherImpl::get_payment_token
FN:5,gerc20::interfaces::IEkuboDistributedERC20DispatcherImpl::get_pool_fee
FNDA:1,gerc20::interfaces::IEkuboDistributedERC20DispatcherImpl::get_pool_fee
FN:5,gerc20::interfaces::IEkuboDistributedERC20DispatcherImpl::get_pool_id
FNDA:1,gerc20::interfaces::IEkuboDistributedERC20DispatcherImpl::get_pool_id
FN:5,gerc20::interfaces::IEkuboDistributedERC20DispatcherImpl::get_position_token_id
FNDA:1,gerc20::interfaces::IEkuboDistributedERC20DispatcherImpl::get_position_token_id
FN:5,gerc20::interfaces::IEkuboDistributedERC20DispatcherImpl::get_reward_distribution_rate
FNDA:1,gerc20::interfaces::IEkuboDistributedERC20DispatcherImpl::get_reward_distribution_rate
FN:5,gerc20::interfaces::IEkuboDistributedERC20DispatcherImpl::get_reward_token
FNDA:1,gerc20::interfaces::IEkuboDistributedERC20DispatcherImpl::get_reward_token
FN:5,gerc20::interfaces::IEkuboDistributedERC20DispatcherImpl::get_tick_spacing
FNDA:1,gerc20::interfaces::IEkuboDistributedERC20DispatcherImpl::get_tick_spacing
FN:5,gerc20::interfaces::IEkuboDistributedERC20DispatcherImpl::get_token_distribution_rate
FNDA:1,gerc20::interfaces::IEkuboDistributedERC20DispatcherImpl::get_token_distribution_rate
FN:5,gerc20::interfaces::IEkuboDistributedERC20DispatcherImpl::init_distribution_pool
FNDA:1,gerc20::interfaces::IEkuboDistributedERC20DispatcherImpl::init_distribution_pool
FN:5,gerc20::interfaces::IEkuboDistributedERC20DispatcherImpl::start_token_distribution
FNDA:1,gerc20::interfaces::IEkuboDistributedERC20DispatcherImpl::start_token_distribution
FNF:16
FNH:16
DA:5,16
LF:1
LH:1
end_of_record
TN:
SF:/workspaces/twamm-distributed-erc20/tests/fuzz/test_constructor_fuzz.cairo
FN:14,gerc20_tests::fuzz::test_constructor_fuzz::array_inline_macro
FNDA:1,gerc20_tests::fuzz::test_constructor_fuzz::array_inline_macro
FN:3,gerc20_tests::fuzz::test_constructor_fuzz::test_constructor_fuzz_addresses_return_wrapper
FNDA:1,gerc20_tests::fuzz::test_constructor_fuzz::test_constructor_fuzz_addresses_return_wrapper
FN:3,gerc20_tests::fuzz::test_constructor_fuzz::test_constructor_fuzz_boundaries_return_wrapper
FNDA:1,gerc20_tests::fuzz::test_constructor_fuzz::test_constructor_fuzz_boundaries_return_wrapper
FN:3,gerc20_tests::fuzz::test_constructor_fuzz::test_constructor_fuzz_valid_params_return_wrapper
FNDA:1,gerc20_tests::fuzz::test_constructor_fuzz::test_constructor_fuzz_valid_params_return_wrapper
FNF:4
FNH:4
DA:3,3
DA:11,3
DA:14,2
DA:15,2
DA:18,1
DA:19,1
DA:20,1
DA:23,1
DA:24,2
DA:25,1
DA:28,1
DA:29,2
DA:30,1
DA:32,2
DA:33,3
DA:34,1
DA:35,1
DA:36,1
DA:37,1
DA:41,1
DA:42,2
DA:43,2
DA:44,1
DA:45,1
DA:46,2
DA:47,3
DA:48,2
DA:49,2
DA:50,3
DA:51,4
DA:52,1
DA:53,3
DA:54,3
DA:55,2
DA:56,2
DA:58,1
DA:59,1
DA:60,1
DA:61,3
DA:62,2
DA:63,2
DA:64,1
DA:65,3
DA:66,1
DA:67,1
DA:68,2
DA:69,2
DA:70,1
DA:71,1
DA:72,2
DA:73,1
DA:75,1
DA:77,1
DA:79,1
DA:80,1
DA:81,1
DA:83,1
LF:57
LH:57
end_of_record
TN:
SF:/workspaces/twamm-distributed-erc20/tests/fuzz/test_distribution_fuzz.cairo
FN:11,gerc20_tests::fuzz::test_distribution_fuzz::array_inline_macro
FNDA:1,gerc20_tests::fuzz::test_distribution_fuzz::array_inline_macro
FN:8,gerc20_tests::fuzz::test_distribution_fuzz::setup_contract
FNDA:1,gerc20_tests::fuzz::test_distribution_fuzz::setup_contract
FN:3,gerc20_tests::fuzz::test_distribution_fuzz::test_claim_proceeds_amounts_fuzz_return_wrapper
FNDA:1,gerc20_tests::fuzz::test_distribution_fuzz::test_claim_proceeds_amounts_fuzz_return_wrapper
FN:3,gerc20_tests::fuzz::test_distribution_fuzz::test_distribution_supply_variations_fuzz_return_wrapper
FNDA:1,gerc20_tests::fuzz::test_distribution_fuzz::test_distribution_supply_variations_fuzz_return_wrapper
FN:3,gerc20_tests::fuzz::test_distribution_fuzz::test_distribution_time_ranges_fuzz_return_wrapper
FNDA:1,gerc20_tests::fuzz::test_distribution_fuzz::test_distribution_time_ranges_fuzz_return_wrapper
FNF:5
FNH:5
DA:3,3
DA:8,1
DA:11,3
DA:12,2
DA:14,2
DA:15,1
DA:16,1
DA:19,1
DA:20,2
DA:21,1
DA:22,2
DA:24,1
DA:26,2
DA:27,2
DA:28,2
DA:29,3
DA:30,2
DA:31,3
DA:32,3
DA:33,2
DA:34,2
DA:35,2
DA:36,1
DA:38,2
DA:41,2
DA:42,2
DA:43,1
DA:44,1
DA:45,1
DA:46,2
DA:47,2
DA:48,2
DA:49,1
DA:50,1
DA:51,3
DA:52,2
DA:53,1
DA:54,1
DA:55,1
DA:56,2
DA:57,1
DA:58,1
DA:60,2
DA:61,1
DA:65,1
DA:66,1
DA:67,1
DA:68,2
DA:70,1
DA:73,1
DA:80,1
DA:81,1
DA:84,1
DA:85,1
DA:86,1
DA:88,1
LF:56
LH:56
end_of_record
TN:
SF:/workspaces/twamm-distributed-erc20/tests/fuzz/test_time_fuzz.cairo
FN:11,gerc20_tests::fuzz::test_time_fuzz::array_inline_macro
FNDA:1,gerc20_tests::fuzz::test_time_fuzz::array_inline_macro
FN:3,gerc20_tests::fuzz::test_time_fuzz::test_rate_calculation_fuzz_return_wrapper
FNDA:1,gerc20_tests::fuzz::test_time_fuzz::test_rate_calculation_fuzz_return_wrapper
FN:3,gerc20_tests::fuzz::test_time_fuzz::test_time_edge_cases_fuzz_return_wrapper
FNDA:1,gerc20_tests::fuzz::test_time_fuzz::test_time_edge_cases_fuzz_return_wrapper
FN:3,gerc20_tests::fuzz::test_time_fuzz::test_time_rounding_fuzz_return_wrapper
FNDA:1,gerc20_tests::fuzz::test_time_fuzz::test_time_rounding_fuzz_return_wrapper
FNF:4
FNH:4
DA:3,3
DA:11,2
DA:12,1
DA:14,1
DA:20,1
DA:21,1
DA:22,1
DA:24,1
DA:26,1
DA:27,2
DA:28,2
DA:29,1
DA:30,2
DA:32,3
DA:33,1
DA:34,1
DA:35,2
DA:36,3
DA:38,1
DA:39,1
DA:40,2
DA:43,1
DA:44,1
DA:45,1
DA:46,2
DA:47,3
DA:48,1
DA:49,2
DA:50,3
DA:51,3
DA:52,2
DA:53,2
DA:54,2
DA:55,1
DA:56,2
DA:57,1
DA:58,1
DA:59,1
DA:60,3
DA:61,2
DA:62,2
DA:63,1
DA:64,2
DA:65,1
DA:66,2
DA:67,2
DA:68,1
DA:69,1
DA:70,2
DA:72,2
DA:73,1
DA:74,1
DA:76,1
DA:77,2
DA:78,2
DA:79,1
DA:80,1
DA:81,2
DA:82,1
DA:83,1
DA:84,2
DA:87,1
DA:89,1
DA:92,1
DA:93,1
DA:96,1
DA:98,1
DA:99,1
DA:100,1
DA:104,1
DA:107,1
LF:71
LH:71
end_of_record
TN:
SF:/workspaces/twamm-distributed-erc20/tests/integration/test_advanced_scenarios.cairo
FN:15,gerc20_tests::integration::test_advanced_scenarios::array_inline_macro
FNDA:1,gerc20_tests::integration::test_advanced_scenarios::array_inline_macro
FN:3,gerc20_tests::integration::test_advanced_scenarios::test_complex_multi_step_scenario_return_wrapper
FNDA:1,gerc20_tests::integration::test_advanced_scenarios::test_complex_multi_step_scenario_return_wrapper
FN:3,gerc20_tests::integration::test_advanced_scenarios::test_edge_case_token_amounts_return_wrapper
FNDA:1,gerc20_tests::integration::test_advanced_scenarios::test_edge_case_token_amounts_return_wrapper
FN:3,gerc20_tests::integration::test_advanced_scenarios::test_high_frequency_claims_return_wrapper
FNDA:1,gerc20_tests::integration::test_advanced_scenarios::test_high_frequency_claims_return_wrapper
FN:3,gerc20_tests::integration::test_advanced_scenarios::test_same_payment_reward_token_return_wrapper
FNDA:1,gerc20_tests::integration::test_advanced_scenarios::test_same_payment_reward_token_return_wrapper
FNF:5
FNH:5
DA:3,4
DA:11,3
DA:12,1
DA:14,3
DA:15,5
DA:16,2
DA:17,1
DA:18,2
DA:19,4
DA:20,3
DA:21,1
DA:29,2
DA:30,4
DA:31,4
DA:32,4
DA:33,4
DA:34,4
DA:35,4
DA:36,4
DA:37,4
DA:38,4
DA:39,4
DA:40,2
DA:41,2
DA:42,2
DA:45,2
DA:46,2
DA:47,2
DA:48,3
DA:49,2
DA:52,2
DA:53,1
DA:54,1
DA:55,1
DA:56,1
DA:58,1
DA:59,1
DA:61,1
DA:62,3
DA:63,1
DA:66,2
DA:67,1
DA:69,1
DA:70,1
DA:71,2
DA:72,1
DA:73,1
DA:76,1
DA:78,1
DA:79,1
DA:80,1
DA:86,2
DA:87,1
DA:89,1
DA:93,1
DA:95,1
DA:96,1
DA:97,1
DA:101,1
LF:59
LH:59
end_of_record
TN:
SF:/workspaces/twamm-distributed-erc20/tests/integration/test_edge_cases.cairo
FN:8,gerc20_tests::integration::test_edge_cases::array_inline_macro
FNDA:1,gerc20_tests::integration::test_edge_cases::array_inline_macro
FN:3,gerc20_tests::integration::test_edge_cases::test_identical_payment_distribution_tokens_return_wrapper
FNDA:1,gerc20_tests::integration::test_edge_cases::test_identical_payment_distribution_tokens_return_wrapper
FN:3,gerc20_tests::integration::test_edge_cases::test_maximum_duration_distribution_return_wrapper
FNDA:1,gerc20_tests::integration::test_edge_cases::test_maximum_duration_distribution_return_wrapper
FN:3,gerc20_tests::integration::test_edge_cases::test_minimum_values_edge_case_return_wrapper
FNDA:1,gerc20_tests::integration::test_edge_cases::test_minimum_values_edge_case_return_wrapper
FN:3,gerc20_tests::integration::test_edge_cases::test_rapid_state_transitions_return_wrapper
FNDA:1,gerc20_tests::integration::test_edge_cases::test_rapid_state_transitions_return_wrapper
FN:4,gerc20_tests::integration::test_edge_cases::test_zero_address_edge_case_return_wrapper
FNDA:1,gerc20_tests::integration::test_edge_cases::test_zero_address_edge_case_return_wrapper
FNF:6
FNH:6
DA:3,4
DA:4,1
DA:8,0
DA:11,4
DA:14,4
DA:15,5
DA:17,1
DA:18,3
DA:19,4
DA:20,2
DA:24,1
DA:27,1
DA:28,2
DA:29,2
DA:30,4
DA:31,5
DA:32,5
DA:33,5
DA:34,4
DA:35,4
DA:36,4
DA:37,4
DA:38,4
DA:39,4
DA:40,2
DA:41,2
DA:42,2
DA:43,1
DA:44,1
DA:45,3
DA:46,3
DA:47,2
DA:48,3
DA:49,4
DA:50,3
DA:51,1
DA:52,3
DA:53,2
DA:54,1
DA:56,1
DA:58,2
DA:59,1
DA:61,1
DA:62,1
DA:63,1
DA:64,1
DA:67,1
DA:73,1
DA:76,1
DA:77,1
DA:78,1
DA:79,1
LF:52
LH:51
end_of_record
TN:
SF:/workspaces/twamm-distributed-erc20/tests/integration/test_full_flow.cairo
FN:15,gerc20_tests::integration::test_full_flow::array_inline_macro
FNDA:1,gerc20_tests::integration::test_full_flow::array_inline_macro
FN:3,gerc20_tests::integration::test_full_flow::test_complete_deployment_to_distribution_flow_return_wrapper
FNDA:1,gerc20_tests::integration::test_full_flow::test_complete_deployment_to_distribution_flow_return_wrapper
FN:3,gerc20_tests::integration::test_full_flow::test_multiple_claim_cycles_return_wrapper
FNDA:1,gerc20_tests::integration::test_full_flow::test_multiple_claim_cycles_return_wrapper
FN:3,gerc20_tests::integration::test_full_flow::test_pool_initialization_token_ordering_return_wrapper
FNDA:1,gerc20_tests::integration::test_full_flow::test_pool_initialization_token_ordering_return_wrapper
FNF:4
FNH:4
DA:3,3
DA:11,1
DA:12,2
DA:14,1
DA:15,4
DA:16,3
DA:17,1
DA:18,2
DA:19,3
DA:20,2
DA:21,1
DA:29,1
DA:30,2
DA:31,3
DA:32,3
DA:33,3
DA:34,3
DA:35,3
DA:36,3
DA:37,3
DA:38,3
DA:39,3
DA:40,2
DA:41,2
DA:42,1
DA:43,1
DA:46,2
DA:47,3
DA:48,1
DA:49,2
DA:50,0
DA:51,1
DA:52,1
DA:53,2
DA:54,1
DA:55,1
DA:56,2
DA:58,1
DA:59,2
DA:60,1
DA:62,1
DA:63,1
DA:65,1
DA:66,1
DA:67,1
DA:68,1
DA:69,1
DA:71,1
DA:72,2
DA:75,1
DA:78,1
DA:81,1
DA:84,1
DA:87,2
DA:88,1
DA:91,1
DA:97,1
DA:103,1
DA:104,1
LF:59
LH:58
end_of_record
TN:
SF:/workspaces/twamm-distributed-erc20/tests/integration/test_time_based.cairo
FN:12,gerc20_tests::integration::test_time_based::array_inline_macro
FNDA:1,gerc20_tests::integration::test_time_based::array_inline_macro
FN:8,gerc20_tests::integration::test_time_based::setup_distribution
FNDA:1,gerc20_tests::integration::test_time_based::setup_distribution
FN:3,gerc20_tests::integration::test_time_based::test_distribution_time_periods_return_wrapper
FNDA:1,gerc20_tests::integration::test_time_based::test_distribution_time_periods_return_wrapper
FN:3,gerc20_tests::integration::test_time_based::test_long_running_distribution_return_wrapper
FNDA:1,gerc20_tests::integration::test_time_based::test_long_running_distribution_return_wrapper
FN:3,gerc20_tests::integration::test_time_based::test_time_progression_claims_return_wrapper
FNDA:1,gerc20_tests::integration::test_time_based::test_time_progression_claims_return_wrapper
FN:3,gerc20_tests::integration::test_time_based::test_time_rounding_edge_cases_return_wrapper
FNDA:1,gerc20_tests::integration::test_time_based::test_time_rounding_edge_cases_return_wrapper
FNF:6
FNH:6
DA:3,4
DA:8,1
DA:11,5
DA:12,2
DA:14,4
DA:15,2
DA:16,1
DA:17,1
DA:20,3
DA:21,3
DA:23,2
DA:24,4
DA:25,3
DA:26,1
DA:27,2
DA:28,5
DA:29,4
DA:30,1
DA:31,2
DA:32,1
DA:33,1
DA:34,1
DA:35,3
DA:36,4
DA:37,2
DA:38,5
DA:39,1
DA:40,1
DA:41,1
DA:42,2
DA:43,1
DA:44,1
DA:45,1
DA:48,1
DA:50,1
DA:51,1
DA:54,2
DA:55,2
DA:56,1
DA:62,1
DA:68,1
DA:69,1
LF:42
LH:42
end_of_record
TN:
SF:/workspaces/twamm-distributed-erc20/tests/mocks/mock_core.cairo
FN:13,gerc20_tests::mocks::mock_core::MockCore::__wrapper__initialize_pool
FNDA:0,gerc20_tests::mocks::mock_core::MockCore::__wrapper__initialize_pool
FN:17,gerc20_tests::mocks::mock_core::MockCore::initialize_pool
FNDA:0,gerc20_tests::mocks::mock_core::MockCore::initialize_pool
FNF:2
FNH:0
DA:13,0
DA:17,0
DA:18,0
LF:3
LH:0
end_of_record
TN:
SF:/workspaces/twamm-distributed-erc20/tests/mocks/mock_erc20.cairo
FN:8,gerc20_tests::mocks::mock_erc20::MockERC20::ContractStateERC20MixinImpl::unsafe_new_contract_state
FNDA:1,gerc20_tests::mocks::mock_erc20::MockERC20::ContractStateERC20MixinImpl::unsafe_new_contract_state
FN:1,gerc20_tests::mocks::mock_erc20::MockERC20::ContractStateEventEmitter::emit
FNDA:1,gerc20_tests::mocks::mock_erc20::MockERC20::ContractStateEventEmitter::emit
FN:19,gerc20_tests::mocks::mock_erc20::MockERC20::EventIsEvent::append_keys_and_data
FNDA:1,gerc20_tests::mocks::mock_erc20::MockERC20::EventIsEvent::append_keys_and_data
FN:6,gerc20_tests::mocks::mock_erc20::MockERC20::HasComponentImpl_ERC20Component::emit
FNDA:1,gerc20_tests::mocks::mock_erc20::MockERC20::HasComponentImpl_ERC20Component::emit
FN:6,gerc20_tests::mocks::mock_erc20::MockERC20::HasComponentImpl_ERC20Component::get_component
FNDA:0,gerc20_tests::mocks::mock_erc20::MockERC20::HasComponentImpl_ERC20Component::get_component
FN:6,gerc20_tests::mocks::mock_erc20::MockERC20::HasComponentImpl_ERC20Component::get_component_mut
FNDA:1,gerc20_tests::mocks::mock_erc20::MockERC20::HasComponentImpl_ERC20Component::get_component_mut
FN:6,gerc20_tests::mocks::mock_erc20::MockERC20::HasComponentImpl_ERC20Component::get_contract_mut
FNDA:1,gerc20_tests::mocks::mock_erc20::MockERC20::HasComponentImpl_ERC20Component::get_contract_mut
FN:25,gerc20_tests::mocks::mock_erc20::MockERC20::__wrapper__constructor
FNDA:1,gerc20_tests::mocks::mock_erc20::MockERC20::__wrapper__constructor
FN:33,gerc20_tests::mocks::mock_erc20::MockERC20::constructor
FNDA:1,gerc20_tests::mocks::mock_erc20::MockERC20::constructor
FN:14,gerc20_tests::mocks::mock_erc20::MockERC20::unsafe_new_contract_state
FNDA:0,gerc20_tests::mocks::mock_erc20::MockERC20::unsafe_new_contract_state
FNF:10
FNH:8
DA:1,1
DA:6,3
DA:8,1
DA:14,0
DA:19,1
DA:25,1
DA:33,1
DA:34,1
LF:8
LH:7
end_of_record
TN:
SF:/workspaces/twamm-distributed-erc20/tests/mocks/mock_positions.cairo
FN:35,gerc20_tests::mocks::mock_positions::MockPositions::__wrapper__increase_sell_amount
FNDA:0,gerc20_tests::mocks::mock_positions::MockPositions::__wrapper__increase_sell_amount
FN:13,gerc20_tests::mocks::mock_positions::MockPositions::__wrapper__mint_and_increase_sell_amount
FNDA:1,gerc20_tests::mocks::mock_positions::MockPositions::__wrapper__mint_and_increase_sell_amount
FN:27,gerc20_tests::mocks::mock_positions::MockPositions::__wrapper__withdraw_proceeds_from_sale_to_self
FNDA:0,gerc20_tests::mocks::mock_positions::MockPositions::__wrapper__withdraw_proceeds_from_sale_to_self
FN:39,gerc20_tests::mocks::mock_positions::MockPositions::increase_sell_amount
FNDA:0,gerc20_tests::mocks::mock_positions::MockPositions::increase_sell_amount
FN:18,gerc20_tests::mocks::mock_positions::MockPositions::mint_and_increase_sell_amount
FNDA:1,gerc20_tests::mocks::mock_positions::MockPositions::mint_and_increase_sell_amount
FNF:5
FNH:2
DA:13,1
DA:18,1
DA:19,1
DA:21,1
DA:22,1
DA:27,0
DA:35,0
DA:39,0
LF:8
LH:5
end_of_record
TN:
SF:/workspaces/twamm-distributed-erc20/tests/mocks/mock_token_registry.cairo
FN:12,gerc20_tests::mocks::mock_token_registry::MockTokenRegistry::__wrapper__register_token
FNDA:1,gerc20_tests::mocks::mock_token_registry::MockTokenRegistry::__wrapper__register_token
FN:14,gerc20_tests::mocks::mock_token_registry::MockTokenRegistry::register_token
FNDA:1,gerc20_tests::mocks::mock_token_registry::MockTokenRegistry::register_token
FNF:2
FNH:2
DA:12,1
DA:14,1
LF:2
LH:2
end_of_record
TN:
SF:/workspaces/twamm-distributed-erc20/tests/test_contract.cairo
FN:13,gerc20_tests::test_contract::array_inline_macro
FNDA:1,gerc20_tests::test_contract::array_inline_macro
FN:3,gerc20_tests::test_contract::test_address_comparison_return_wrapper
FNDA:1,gerc20_tests::test_contract::test_address_comparison_return_wrapper
FN:3,gerc20_tests::test_contract::test_basic_arithmetic_return_wrapper
FNDA:1,gerc20_tests::test_contract::test_basic_arithmetic_return_wrapper
FN:3,gerc20_tests::test_contract::test_declare_contracts_return_wrapper
FNDA:1,gerc20_tests::test_contract::test_declare_contracts_return_wrapper
FN:3,gerc20_tests::test_contract::test_deploy_mocks_return_wrapper
FNDA:1,gerc20_tests::test_contract::test_deploy_mocks_return_wrapper
FNF:5
FNH:5
DA:3,4
DA:11,1
DA:12,3
DA:13,4
DA:14,1
DA:16,1
DA:17,2
DA:18,2
DA:19,2
DA:20,1
DA:22,2
DA:23,3
DA:24,1
LF:13
LH:13
end_of_record
TN:
SF:/workspaces/twamm-distributed-erc20/tests/test_registry_interaction.cairo
FN:13,gerc20_tests::test_registry_interaction::array_inline_macro
FNDA:1,gerc20_tests::test_registry_interaction::array_inline_macro
FN:3,gerc20_tests::test_registry_interaction::test_registry_interaction_isolated_return_wrapper
FNDA:1,gerc20_tests::test_registry_interaction::test_registry_interaction_isolated_return_wrapper
FNF:2
FNH:2
DA:3,1
DA:12,1
DA:13,2
DA:16,1
DA:17,1
DA:18,1
DA:19,1
DA:20,1
DA:21,1
DA:23,1
DA:25,1
DA:27,1
DA:34,1
LF:13
LH:13
end_of_record
TN:
SF:/workspaces/twamm-distributed-erc20/tests/unit/test_claim_and_sell_proceeds.cairo
FN:8,gerc20_tests::unit::test_claim_and_sell_proceeds::array_inline_macro
FNDA:1,gerc20_tests::unit::test_claim_and_sell_proceeds::array_inline_macro
FN:9,gerc20_tests::unit::test_claim_and_sell_proceeds::setup_contract_with_distribution
FNDA:1,gerc20_tests::unit::test_claim_and_sell_proceeds::setup_contract_with_distribution
FN:3,gerc20_tests::unit::test_claim_and_sell_proceeds::test_claim_and_sell_proceeds_success_return_wrapper
FNDA:1,gerc20_tests::unit::test_claim_and_sell_proceeds::test_claim_and_sell_proceeds_success_return_wrapper
FN:4,gerc20_tests::unit::test_claim_and_sell_proceeds::test_claim_proceeds_revert_not_started_return_wrapper
FNDA:1,gerc20_tests::unit::test_claim_and_sell_proceeds::test_claim_proceeds_revert_not_started_return_wrapper
FN:3,gerc20_tests::unit::test_claim_and_sell_proceeds::test_claim_proceeds_updates_reward_rate_return_wrapper
FNDA:1,gerc20_tests::unit::test_claim_and_sell_proceeds::test_claim_proceeds_updates_reward_rate_return_wrapper
FN:3,gerc20_tests::unit::test_claim_and_sell_proceeds::test_claim_proceeds_zero_proceeds_return_wrapper
FNDA:1,gerc20_tests::unit::test_claim_and_sell_proceeds::test_claim_proceeds_zero_proceeds_return_wrapper
FNF:6
FNH:6
DA:3,3
DA:4,1
DA:8,0
DA:9,1
DA:11,3
DA:12,1
DA:13,2
DA:14,3
DA:15,0
DA:16,1
DA:17,1
DA:18,1
DA:20,1
DA:22,2
DA:24,1
DA:26,1
DA:27,2
DA:28,3
DA:29,1
DA:30,4
DA:31,2
DA:32,2
DA:33,4
DA:34,1
DA:35,1
DA:36,2
DA:37,1
DA:38,1
DA:40,1
DA:41,1
DA:42,1
DA:43,1
DA:44,2
DA:45,1
DA:46,1
DA:47,2
DA:48,2
DA:49,1
DA:50,1
DA:51,2
DA:52,1
DA:53,1
DA:55,1
DA:57,1
DA:58,1
DA:59,1
LF:46
LH:44
end_of_record
TN:
SF:/workspaces/twamm-distributed-erc20/tests/unit/test_constructor.cairo
FN:43,gerc20_tests::unit::test_constructor::array_inline_macro
FNDA:1,gerc20_tests::unit::test_constructor::array_inline_macro
FN:42,gerc20_tests::unit::test_constructor::deploy_with_params
FNDA:1,gerc20_tests::unit::test_constructor::deploy_with_params
FN:3,gerc20_tests::unit::test_constructor::test_constructor_maximum_supply_return_wrapper
FNDA:1,gerc20_tests::unit::test_constructor::test_constructor_maximum_supply_return_wrapper
FN:3,gerc20_tests::unit::test_constructor::test_constructor_minimum_supply_return_wrapper
FNDA:1,gerc20_tests::unit::test_constructor::test_constructor_minimum_supply_return_wrapper
FN:3,gerc20_tests::unit::test_constructor::test_constructor_valid_standard_params_return_wrapper
FNDA:1,gerc20_tests::unit::test_constructor::test_constructor_valid_standard_params_return_wrapper
FNF:5
FNH:5
DA:3,3
DA:11,2
DA:12,1
DA:13,3
DA:14,2
DA:15,2
DA:17,1
DA:18,1
DA:19,3
DA:20,3
DA:21,3
DA:22,2
DA:23,2
DA:27,1
DA:29,1
DA:30,1
DA:31,1
DA:32,2
DA:33,2
DA:36,1
DA:39,1
DA:40,1
DA:41,1
DA:42,2
DA:43,3
DA:45,1
DA:46,1
DA:47,2
DA:48,2
DA:49,2
DA:50,2
DA:51,1
DA:52,1
DA:53,1
DA:54,1
DA:55,1
DA:56,1
DA:57,1
DA:58,1
DA:60,1
LF:40
LH:40
end_of_record
TN:
SF:/workspaces/twamm-distributed-erc20/tests/unit/test_constructor_boundary.cairo
FN:20,gerc20_tests::unit::test_constructor_boundary::array_inline_macro
FNDA:1,gerc20_tests::unit::test_constructor_boundary::array_inline_macro
FN:19,gerc20_tests::unit::test_constructor_boundary::prepare_constructor_calldata_with_registry
FNDA:1,gerc20_tests::unit::test_constructor_boundary::prepare_constructor_calldata_with_registry
FN:3,gerc20_tests::unit::test_constructor_boundary::test_constructor_boundary_empty_name_symbol_return_wrapper
FNDA:1,gerc20_tests::unit::test_constructor_boundary::test_constructor_boundary_empty_name_symbol_return_wrapper
FN:3,gerc20_tests::unit::test_constructor_boundary::test_constructor_boundary_long_name_symbol_return_wrapper
FNDA:1,gerc20_tests::unit::test_constructor_boundary::test_constructor_boundary_long_name_symbol_return_wrapper
FN:3,gerc20_tests::unit::test_constructor_boundary::test_constructor_boundary_max_pool_fee_tick_spacing_return_wrapper
FNDA:1,gerc20_tests::unit::test_constructor_boundary::test_constructor_boundary_max_pool_fee_tick_spacing_return_wrapper
FN:3,gerc20_tests::unit::test_constructor_boundary::test_constructor_boundary_same_payment_reward_token_return_wrapper
FNDA:1,gerc20_tests::unit::test_constructor_boundary::test_constructor_boundary_same_payment_reward_token_return_wrapper
FN:3,gerc20_tests::unit::test_constructor_boundary::test_constructor_boundary_zero_pool_fee_tick_spacing_return_wrapper
FNDA:1,gerc20_tests::unit::test_constructor_boundary::test_constructor_boundary_zero_pool_fee_tick_spacing_return_wrapper
FNF:7
FNH:7
DA:3,5
DA:11,5
DA:13,3
DA:14,4
DA:15,5
DA:16,1
DA:17,2
DA:19,1
DA:20,2
DA:22,1
DA:23,1
DA:24,1
DA:25,1
DA:26,1
DA:27,4
DA:28,4
DA:29,2
DA:30,2
DA:31,2
DA:32,2
DA:33,1
LF:21
LH:21
end_of_record
TN:
SF:/workspaces/twamm-distributed-erc20/tests/unit/test_constructor_fixed.cairo
FN:18,gerc20_tests::unit::test_constructor_fixed::array_inline_macro
FNDA:1,gerc20_tests::unit::test_constructor_fixed::array_inline_macro
FN:3,gerc20_tests::unit::test_constructor_fixed::test_constructor_works_after_fix_return_wrapper
FNDA:1,gerc20_tests::unit::test_constructor_fixed::test_constructor_works_after_fix_return_wrapper
FNF:2
FNH:2
DA:3,1
DA:12,1
DA:14,1
DA:17,1
DA:18,2
DA:21,1
DA:22,1
DA:23,1
DA:33,1
DA:34,1
DA:35,1
DA:36,1
DA:37,1
DA:38,1
DA:39,1
DA:40,1
DA:41,1
DA:42,1
DA:43,1
DA:46,1
DA:47,1
DA:49,1
DA:56,1
DA:59,1
DA:62,1
DA:65,1
DA:66,1
DA:67,1
DA:68,1
DA:69,1
DA:72,1
DA:73,1
DA:74,1
DA:75,1
DA:76,1
LF:35
LH:35
end_of_record
TN:
SF:/workspaces/twamm-distributed-erc20/tests/unit/test_constructor_reverts.cairo
FN:19,gerc20_tests::unit::test_constructor_reverts::array_inline_macro
FNDA:1,gerc20_tests::unit::test_constructor_reverts::array_inline_macro
FN:20,gerc20_tests::unit::test_constructor_reverts::prepare_constructor_calldata
FNDA:1,gerc20_tests::unit::test_constructor_reverts::prepare_constructor_calldata
FN:3,gerc20_tests::unit::test_constructor_reverts::test_constructor_revert_zero_core_address_return_wrapper
FNDA:1,gerc20_tests::unit::test_constructor_reverts::test_constructor_revert_zero_core_address_return_wrapper
FN:3,gerc20_tests::unit::test_constructor_reverts::test_constructor_revert_zero_extension_address_return_wrapper
FNDA:1,gerc20_tests::unit::test_constructor_reverts::test_constructor_revert_zero_extension_address_return_wrapper
FN:3,gerc20_tests::unit::test_constructor_reverts::test_constructor_revert_zero_payment_token_return_wrapper
FNDA:1,gerc20_tests::unit::test_constructor_reverts::test_constructor_revert_zero_payment_token_return_wrapper
FN:3,gerc20_tests::unit::test_constructor_reverts::test_constructor_revert_zero_positions_address_return_wrapper
FNDA:1,gerc20_tests::unit::test_constructor_reverts::test_constructor_revert_zero_positions_address_return_wrapper
FN:3,gerc20_tests::unit::test_constructor_reverts::test_constructor_revert_zero_registry_address_return_wrapper
FNDA:1,gerc20_tests::unit::test_constructor_reverts::test_constructor_revert_zero_registry_address_return_wrapper
FN:3,gerc20_tests::unit::test_constructor_reverts::test_constructor_revert_zero_reward_token_return_wrapper
[...]
FNF:6
FNH:6
DA:3,4
DA:8,1
DA:11,5
DA:12,2
DA:14,4
DA:15,2
DA:16,1
DA:17,1
DA:20,3
DA:21,3
DA:23,2
DA:24,4
DA:25,3
DA:26,1
DA:27,2
DA:28,5
DA:29,4
DA:30,1
DA:31,2
DA:32,1
DA:33,1
DA:34,1
DA:35,3
DA:36,4
DA:37,2
DA:38,5
DA:39,1
DA:40,1
DA:41,1
DA:42,2
DA:43,1
DA:44,1
DA:45,1
DA:48,1
DA:50,1
DA:51,1
DA:54,2
DA:55,2
DA:56,1
DA:62,1
DA:68,1
DA:69,1
LF:42
LH:42
end_of_record
TN:
SF:/workspaces/twamm-distributed-erc20/tests/mocks/mock_core.cairo
FN:13,gerc20_tests::mocks::mock_core::MockCore::__wrapper__initialize_pool
FNDA:0,gerc20_tests::mocks::mock_core::MockCore::__wrapper__initialize_pool
FN:17,gerc20_tests::mocks::mock_core::MockCore::initialize_pool
FNDA:0,gerc20_tests::mocks::mock_core::MockCore::initialize_pool
FNF:2
FNH:0
DA:13,0
DA:17,0
DA:18,0
LF:3
LH:0
end_of_record
TN:
SF:/workspaces/twamm-distributed-erc20/tests/mocks/mock_erc20.cairo
FN:8,gerc20_tests::mocks::mock_erc20::MockERC20::ContractStateERC20MixinImpl::unsafe_new_contract_state
FNDA:1,gerc20_tests::mocks::mock_erc20::MockERC20::ContractStateERC20MixinImpl::unsafe_new_contract_state
FN:1,gerc20_tests::mocks::mock_erc20::MockERC20::ContractStateEventEmitter::emit
FNDA:1,gerc20_tests::mocks::mock_erc20::MockERC20::ContractStateEventEmitter::emit
FN:19,gerc20_tests::mocks::mock_erc20::MockERC20::EventIsEvent::append_keys_and_data
FNDA:1,gerc20_tests::mocks::mock_erc20::MockERC20::EventIsEvent::append_keys_and_data
FN:6,gerc20_tests::mocks::mock_erc20::MockERC20::HasComponentImpl_ERC20Component::emit
FNDA:1,gerc20_tests::mocks::mock_erc20::MockERC20::HasComponentImpl_ERC20Component::emit
FN:6,gerc20_tests::mocks::mock_erc20::MockERC20::HasComponentImpl_ERC20Component::get_component
FNDA:0,gerc20_tests::mocks::mock_erc20::MockERC20::HasComponentImpl_ERC20Component::get_component
FN:6,gerc20_tests::mocks::mock_erc20::MockERC20::HasComponentImpl_ERC20Component::get_component_mut
FNDA:1,gerc20_tests::mocks::mock_erc20::MockERC20::HasComponentImpl_ERC20Component::get_component_mut
FN:6,gerc20_tests::mocks::mock_erc20::MockERC20::HasComponentImpl_ERC20Component::get_contract_mut
FNDA:1,gerc20_tests::mocks::mock_erc20::MockERC20::HasComponentImpl_ERC20Component::get_contract_mut
FN:25,gerc20_tests::mocks::mock_erc20::MockERC20::__wrapper__constructor
FNDA:1,gerc20_tests::mocks::mock_erc20::MockERC20::__wrapper__constructor
FN:33,gerc20_tests::mocks::mock_erc20::MockERC20::constructor
FNDA:1,gerc20_tests::mocks::mock_erc20::MockERC20::constructor
FN:14,gerc20_tests::mocks::mock_erc20::MockERC20::unsafe_new_contract_state
FNDA:0,gerc20_tests::mocks::mock_erc20::MockERC20::unsafe_new_contract_state
FNF:10
FNH:8
DA:1,1
DA:6,3
DA:8,1
DA:14,0
DA:19,1
DA:25,1
DA:33,1
DA:34,1
LF:8
LH:7
end_of_record
TN:
SF:/workspaces/twamm-distributed-erc20/tests/mocks/mock_positions.cairo
FN:35,gerc20_tests::mocks::mock_positions::MockPositions::__wrapper__increase_sell_amount
FNDA:0,gerc20_tests::mocks::mock_positions::MockPositions::__wrapper__increase_sell_amount
FN:13,gerc20_tests::mocks::mock_positions::MockPositions::__wrapper__mint_and_increase_sell_amount
FNDA:1,gerc20_tests::mocks::mock_positions::MockPositions::__wrapper__mint_and_increase_sell_amount
FN:27,gerc20_tests::mocks::mock_positions::MockPositions::__wrapper__withdraw_proceeds_from_sale_to_self
FNDA:0,gerc20_tests::mocks::mock_positions::MockPositions::__wrapper__withdraw_proceeds_from_sale_to_self
FN:39,gerc20_tests::mocks::mock_positions::MockPositions::increase_sell_amount
FNDA:0,gerc20_tests::mocks::mock_positions::MockPositions::increase_sell_amount
FN:18,gerc20_tests::mocks::mock_positions::MockPositions::mint_and_increase_sell_amount
FNDA:1,gerc20_tests::mocks::mock_positions::MockPositions::mint_and_increase_sell_amount
FNF:5
FNH:2
DA:13,1
DA:18,1
DA:19,1
DA:21,1
DA:22,1
DA:27,0
DA:35,0
DA:39,0
LF:8
LH:5
end_of_record
TN:
SF:/workspaces/twamm-distributed-erc20/tests/mocks/mock_token_registry.cairo
FN:12,gerc20_tests::mocks::mock_token_registry::MockTokenRegistry::__wrapper__register_token
FNDA:1,gerc20_tests::mocks::mock_token_registry::MockTokenRegistry::__wrapper__register_token
FN:14,gerc20_tests::mocks::mock_token_registry::MockTokenRegistry::register_token
FNDA:1,gerc20_tests::mocks::mock_token_registry::MockTokenRegistry::register_token
FNF:2
FNH:2
DA:12,1
DA:14,1
LF:2
LH:2
end_of_record
TN:
SF:/workspaces/twamm-distributed-erc20/tests/test_contract.cairo
FN:13,gerc20_tests::test_contract::array_inline_macro
FNDA:1,gerc20_tests::test_contract::array_inline_macro
FN:3,gerc20_tests::test_contract::test_address_comparison_return_wrapper
FNDA:1,gerc20_tests::test_contract::test_address_comparison_return_wrapper
FN:3,gerc20_tests::test_contract::test_basic_arithmetic_return_wrapper
FNDA:1,gerc20_tests::test_contract::test_basic_arithmetic_return_wrapper
FN:3,gerc20_tests::test_contract::test_declare_contracts_return_wrapper
FNDA:1,gerc20_tests::test_contract::test_declare_contracts_return_wrapper
FN:3,gerc20_tests::test_contract::test_deploy_mocks_return_wrapper
FNDA:1,gerc20_tests::test_contract::test_deploy_mocks_return_wrapper
FNF:5
FNH:5
DA:3,4
DA:11,1
DA:12,3
DA:13,4
DA:14,1
DA:16,1
DA:17,2
DA:18,2
DA:19,2
DA:20,1
DA:22,2
DA:23,3
DA:24,1
LF:13
LH:13
end_of_record
TN:
SF:/workspaces/twamm-distributed-erc20/tests/test_registry_interaction.cairo
FN:13,gerc20_tests::test_registry_interaction::array_inline_macro
FNDA:1,gerc20_tests::test_registry_interaction::array_inline_macro
FN:3,gerc20_tests::test_registry_interaction::test_registry_interaction_isolated_return_wrapper
FNDA:1,gerc20_tests::test_registry_interaction::test_registry_interaction_isolated_return_wrapper
FNF:2
FNH:2
DA:3,1
DA:12,1
DA:13,2
DA:16,1
DA:17,1
DA:18,1
DA:19,1
DA:20,1
DA:21,1
DA:23,1
DA:25,1
DA:27,1
DA:34,1
LF:13
LH:13
end_of_record
TN:
SF:/workspaces/twamm-distributed-erc20/tests/unit/test_claim_and_sell_proceeds.cairo
FN:8,gerc20_tests::unit::test_claim_and_sell_proceeds::array_inline_macro
FNDA:1,gerc20_tests::unit::test_claim_and_sell_proceeds::array_inline_macro
FN:9,gerc20_tests::unit::test_claim_and_sell_proceeds::setup_contract_with_distribution
FNDA:1,gerc20_tests::unit::test_claim_and_sell_proceeds::setup_contract_with_distribution
FN:3,gerc20_tests::unit::test_claim_and_sell_proceeds::test_claim_and_sell_proceeds_success_return_wrapper
FNDA:1,gerc20_tests::unit::test_claim_and_sell_proceeds::test_claim_and_sell_proceeds_success_return_wrapper
FN:4,gerc20_tests::unit::test_claim_and_sell_proceeds::test_claim_proceeds_revert_not_started_return_wrapper
FNDA:1,gerc20_tests::unit::test_claim_and_sell_proceeds::test_claim_proceeds_revert_not_started_return_wrapper
FN:3,gerc20_tests::unit::test_claim_and_sell_proceeds::test_claim_proceeds_updates_reward_rate_return_wrapper
FNDA:1,gerc20_tests::unit::test_claim_and_sell_proceeds::test_claim_proceeds_updates_reward_rate_return_wrapper
FN:3,gerc20_tests::unit::test_claim_and_sell_proceeds::test_claim_proceeds_zero_proceeds_return_wrapper
FNDA:1,gerc20_tests::unit::test_claim_and_sell_proceeds::test_claim_proceeds_zero_proceeds_return_wrapper
FNF:6
FNH:6
DA:3,3
DA:4,1
DA:8,0
DA:9,1
DA:11,3
DA:12,1
DA:13,2
DA:14,3
DA:15,0
DA:16,1
DA:17,1
DA:18,1
DA:20,1
DA:22,2
DA:24,1
DA:26,1
DA:27,2
DA:28,3
DA:29,1
DA:30,4
DA:31,2
DA:32,2
DA:33,4
DA:34,1
DA:35,1
DA:36,2
DA:37,1
DA:38,1
DA:40,1
DA:41,1
DA:42,1
DA:43,1
DA:44,2
DA:45,1
DA:46,1
DA:47,2
DA:48,2
DA:49,1
DA:50,1
DA:51,2
DA:52,1
DA:53,1
DA:55,1
DA:57,1
DA:58,1
DA:59,1
LF:46
LH:44
end_of_record
TN:
SF:/workspaces/twamm-distributed-erc20/tests/unit/test_constructor.cairo
FN:43,gerc20_tests::unit::test_constructor::array_inline_macro
FNDA:1,gerc20_tests::unit::test_constructor::array_inline_macro
FN:42,gerc20_tests::unit::test_constructor::deploy_with_params
FNDA:1,gerc20_tests::unit::test_constructor::deploy_with_params
FN:3,gerc20_tests::unit::test_constructor::test_constructor_maximum_supply_return_wrapper
FNDA:1,gerc20_tests::unit::test_constructor::test_constructor_maximum_supply_return_wrapper
FN:3,gerc20_tests::unit::test_constructor::test_constructor_minimum_supply_return_wrapper
FNDA:1,gerc20_tests::unit::test_constructor::test_constructor_minimum_supply_return_wrapper
FN:3,gerc20_tests::unit::test_constructor::test_constructor_valid_standard_params_return_wrapper
FNDA:1,gerc20_tests::unit::test_constructor::test_constructor_valid_standard_params_return_wrapper
FNF:5
FNH:5
DA:3,3
DA:11,2
DA:12,1
DA:13,3
DA:14,2
DA:15,2
DA:17,1
DA:18,1
DA:19,3
DA:20,3
DA:21,3
DA:22,2
DA:23,2
DA:27,1
DA:29,1
DA:30,1
DA:31,1
DA:32,2
DA:33,2
DA:36,1
DA:39,1
DA:40,1
DA:41,1
DA:42,2
DA:43,3
DA:45,1
DA:46,1
DA:47,2
DA:48,2
DA:49,2
DA:50,2
DA:51,1
DA:52,1
DA:53,1
DA:54,1
DA:55,1
DA:56,1
DA:57,1
DA:58,1
DA:60,1
LF:40
LH:40
end_of_record
TN:
SF:/workspaces/twamm-distributed-erc20/tests/unit/test_constructor_boundary.cairo
FN:20,gerc20_tests::unit::test_constructor_boundary::array_inline_macro
FNDA:1,gerc20_tests::unit::test_constructor_boundary::array_inline_macro
FN:19,gerc20_tests::unit::test_constructor_boundary::prepare_constructor_calldata_with_registry
FNDA:1,gerc20_tests::unit::test_constructor_boundary::prepare_constructor_calldata_with_registry
FN:3,gerc20_tests::unit::test_constructor_boundary::test_constructor_boundary_empty_name_symbol_return_wrapper
FNDA:1,gerc20_tests::unit::test_constructor_boundary::test_constructor_boundary_empty_name_symbol_return_wrapper
FN:3,gerc20_tests::unit::test_constructor_boundary::test_constructor_boundary_long_name_symbol_return_wrapper
FNDA:1,gerc20_tests::unit::test_constructor_boundary::test_constructor_boundary_long_name_symbol_return_wrapper
FN:3,gerc20_tests::unit::test_constructor_boundary::test_constructor_boundary_max_pool_fee_tick_spacing_return_wrapper
FNDA:1,gerc20_tests::unit::test_constructor_boundary::test_constructor_boundary_max_pool_fee_tick_spacing_return_wrapper
FN:3,gerc20_tests::unit::test_constructor_boundary::test_constructor_boundary_same_payment_reward_token_return_wrapper
FNDA:1,gerc20_tests::unit::test_constructor_boundary::test_constructor_boundary_same_payment_reward_token_return_wrapper
FN:3,gerc20_tests::unit::test_constructor_boundary::test_constructor_boundary_zero_pool_fee_tick_spacing_return_wrapper
FNDA:1,gerc20_tests::unit::test_constructor_boundary::test_constructor_boundary_zero_pool_fee_tick_spacing_return_wrapper
FNF:7
FNH:7
DA:3,5
DA:11,5
DA:13,3
DA:14,4
DA:15,5
DA:16,1
DA:17,2
DA:19,1
DA:20,2
DA:22,1
DA:23,1
DA:24,1
DA:25,1
DA:26,1
DA:27,4
DA:28,4
DA:29,2
DA:30,2
DA:31,2
DA:32,2
DA:33,1
LF:21
LH:21
end_of_record
TN:
SF:/workspaces/twamm-distributed-erc20/tests/unit/test_constructor_fixed.cairo
FN:18,gerc20_tests::unit::test_constructor_fixed::array_inline_macro
FNDA:1,gerc20_tests::unit::test_constructor_fixed::array_inline_macro
FN:3,gerc20_tests::unit::test_constructor_fixed::test_constructor_works_after_fix_return_wrapper
FNDA:1,gerc20_tests::unit::test_constructor_fixed::test_constructor_works_after_fix_return_wrapper
FNF:2
FNH:2
DA:3,1
DA:12,1
DA:14,1
DA:17,1
DA:18,2
DA:21,1
DA:22,1
DA:23,1
DA:33,1
DA:34,1
DA:35,1
DA:36,1
DA:37,1
DA:38,1
DA:39,1
DA:40,1
DA:41,1
DA:42,1
DA:43,1
DA:46,1
DA:47,1
DA:49,1
DA:56,1
DA:59,1
DA:62,1
DA:65,1
DA:66,1
DA:67,1
DA:68,1
DA:69,1
DA:72,1
DA:73,1
DA:74,1
DA:75,1
DA:76,1
LF:35
LH:35
end_of_record
TN:
SF:/workspaces/twamm-distributed-erc20/tests/unit/test_constructor_reverts.cairo
FN:19,gerc20_tests::unit::test_constructor_reverts::array_inline_macro
FNDA:1,gerc20_tests::unit::test_constructor_reverts::array_inline_macro
FN:20,gerc20_tests::unit::test_constructor_reverts::prepare_constructor_calldata
FNDA:1,gerc20_tests::unit::test_constructor_reverts::prepare_constructor_calldata
FN:3,gerc20_tests::unit::test_constructor_reverts::test_constructor_revert_zero_core_address_return_wrapper
FNDA:1,gerc20_tests::unit::test_constructor_reverts::test_constructor_revert_zero_core_address_return_wrapper
FN:3,gerc20_tests::unit::test_constructor_reverts::test_constructor_revert_zero_extension_address_return_wrapper
FNDA:1,gerc20_tests::unit::test_constructor_reverts::test_constructor_revert_zero_extension_address_return_wrapper
FN:3,gerc20_tests::unit::test_constructor_reverts::test_constructor_revert_zero_payment_token_return_wrapper
FNDA:1,gerc20_tests::unit::test_constructor_reverts::test_constructor_revert_zero_payment_token_return_wrapper
FN:3,gerc20_tests::unit::test_constructor_reverts::test_constructor_revert_zero_positions_address_return_wrapper
FNDA:1,gerc20_tests::unit::test_constructor_reverts::test_constructor_revert_zero_positions_address_return_wrapper
FN:3,gerc20_tests::unit::test_constructor_reverts::test_constructor_revert_zero_registry_address_return_wrapper
FNDA:1,gerc20_tests::unit::test_constructor_reverts::test_constructor_revert_zero_registry_address_return_wrapper
FN:3,gerc20_tests::unit::test_constructor_reverts::test_constructor_revert_zero_reward_token_return_wrapper
FNDA:1,gerc20_tests::unit::test_constructor_reverts::test_constructor_revert_zero_reward_token_return_wrapper
FN:3,gerc20_tests::unit::test_constructor_reverts::test_constructor_revert_zero_total_supply_return_wrapper
FNDA:1,gerc20_tests::unit::test_constructor_reverts::test_constructor_revert_zero_total_supply_return_wrapper
FNF:9
FNH:9
DA:3,7
DA:11,7
DA:13,7
DA:14,7
DA:15,7
DA:19,1
DA:20,1
DA:21,1
DA:22,1
DA:23,1
DA:24,1
DA:25,1
DA:26,1
DA:27,8
DA:28,8
DA:29,1
DA:30,1
LF:17
LH:17
end_of_record
TN:
SF:/workspaces/twamm-distributed-erc20/tests/unit/test_getters.cairo
FN:15,gerc20_tests::unit::test_getters::array_inline_macro
FNDA:1,gerc20_tests::unit::test_getters::array_inline_macro
FN:9,gerc20_tests::unit::test_getters::setup_contract
FNDA:1,gerc20_tests::unit::test_getters::setup_contract
FN:3,gerc20_tests::unit::test_getters::test_deployed_at_timestamp_return_wrapper
FNDA:1,gerc20_tests::unit::test_getters::test_deployed_at_timestamp_return_wrapper
FN:3,gerc20_tests::unit::test_getters::test_get_distribution_pool_key_return_wrapper
FNDA:1,gerc20_tests::unit::test_getters::test_get_distribution_pool_key_return_wrapper
FN:3,gerc20_tests::unit::test_getters::test_getters_after_deployment_return_wrapper
FNDA:1,gerc20_tests::unit::test_getters::test_getters_after_deployment_return_wrapper
FN:3,gerc20_tests::unit::test_getters::test_getters_after_state_changes_return_wrapper
FNDA:1,gerc20_tests::unit::test_getters::test_getters_after_state_changes_return_wrapper
FNF:6
FNH:6
DA:3,4
DA:9,1
DA:11,5
DA:13,1
DA:14,4
DA:15,3
DA:16,2
DA:17,2
DA:18,3
DA:19,2
DA:20,2
DA:22,2
DA:23,2
DA:24,1
DA:25,1
DA:26,3
DA:27,2
DA:30,1
DA:31,1
DA:32,2
DA:33,2
DA:34,1
DA:35,1
DA:36,2
DA:37,2
DA:38,2
DA:39,2
DA:40,1
DA:42,1
DA:43,1
LF:30
LH:30
end_of_record
TN:
SF:/workspaces/twamm-distributed-erc20/tests/unit/test_helpers.cairo
FN:3,gerc20_tests::unit::test_helpers::test_order_key_fields_return_wrapper
FNDA:1,gerc20_tests::unit::test_helpers::test_order_key_fields_return_wrapper
FN:3,gerc20_tests::unit::test_helpers::test_pool_key_token_ordering_return_wrapper
FNDA:1,gerc20_tests::unit::test_helpers::test_pool_key_token_ordering_return_wrapper
FN:3,gerc20_tests::unit::test_helpers::test_register_token_logic_return_wrapper
FNDA:1,gerc20_tests::unit::test_helpers::test_register_token_logic_return_wrapper
FN:3,gerc20_tests::unit::test_helpers::test_reward_order_key_generation_return_wrapper
FNDA:1,gerc20_tests::unit::test_helpers::test_reward_order_key_generation_return_wrapper
FN:3,gerc20_tests::unit::test_helpers::test_time_difference_to_step_size_logic_return_wrapper
FNDA:1,gerc20_tests::unit::test_helpers::test_time_difference_to_step_size_logic_return_wrapper
FN:3,gerc20_tests::unit::test_helpers::test_time_rounding_logic_return_wrapper
FNDA:1,gerc20_tests::unit::test_helpers::test_time_rounding_logic_return_wrapper
FNF:6
FNH:6
DA:3,6
DA:14,1
DA:15,2
DA:16,1
DA:18,1
DA:19,1
DA:20,2
DA:21,1
DA:22,1
DA:23,1
LF:10
LH:10
end_of_record
TN:
SF:/workspaces/twamm-distributed-erc20/tests/unit/test_init_distribution_pool.cairo
FN:8,gerc20_tests::unit::test_init_distribution_pool::array_inline_macro
FNDA:1,gerc20_tests::unit::test_init_distribution_pool::array_inline_macro
FN:8,gerc20_tests::unit::test_init_distribution_pool::deploy_contract
FNDA:1,gerc20_tests::unit::test_init_distribution_pool::deploy_contract
FN:4,gerc20_tests::unit::test_init_distribution_pool::test_init_pool_already_initialized_return_wrapper
FNDA:1,gerc20_tests::unit::test_init_distribution_pool::test_init_pool_already_initialized_return_wrapper
FN:3,gerc20_tests::unit::test_init_distribution_pool::test_init_pool_core_dispatcher_failure_return_wrapper
FNDA:1,gerc20_tests::unit::test_init_distribution_pool::test_init_pool_core_dispatcher_failure_return_wrapper
FN:3,gerc20_tests::unit::test_init_distribution_pool::test_init_pool_first_successful_return_wrapper
FNDA:1,gerc20_tests::unit::test_init_distribution_pool::test_init_pool_first_successful_return_wrapper
FN:3,gerc20_tests::unit::test_init_distribution_pool::test_pool_key_generation_logic_return_wrapper
FNDA:1,gerc20_tests::unit::test_init_distribution_pool::test_pool_key_generation_logic_return_wrapper
FNF:6
FNH:6
DA:3,3
DA:4,1
DA:8,1
DA:11,3
DA:12,2
DA:14,1
DA:15,2
DA:16,1
DA:17,1
DA:18,1
DA:22,1
DA:23,2
DA:24,1
DA:25,1
DA:26,1
DA:27,2
DA:28,1
DA:29,1
DA:30,1
DA:31,1
DA:32,1
DA:33,1
DA:34,1
DA:35,2
DA:36,1
DA:37,1
DA:38,1
DA:39,1
LF:28
LH:28
end_of_record
TN:
SF:/workspaces/twamm-distributed-erc20/tests/unit/test_start_token_distribution.cairo
FN:8,gerc20_tests::unit::test_start_token_distribution::array_inline_macro
FNDA:1,gerc20_tests::unit::test_start_token_distribution::array_inline_macro
FN:9,gerc20_tests::unit::test_start_token_distribution::setup_contract
FNDA:1,gerc20_tests::unit::test_start_token_distribution::setup_contract
FN:4,gerc20_tests::unit::test_start_token_distribution::test_start_distribution_aligned_end_time_return_wrapper
FNDA:1,gerc20_tests::unit::test_start_token_distribution::test_start_distribution_aligned_end_time_return_wrapper
FN:4,gerc20_tests::unit::test_start_token_distribution::test_start_distribution_revert_already_started_return_wrapper
FNDA:1,gerc20_tests::unit::test_start_token_distribution::test_start_distribution_revert_already_started_return_wrapper
FN:4,gerc20_tests::unit::test_start_token_distribution::test_start_distribution_revert_end_time_past_return_wrapper
FNDA:1,gerc20_tests::unit::test_start_token_distribution::test_start_distribution_revert_end_time_past_return_wrapper
FN:4,gerc20_tests::unit::test_start_token_distribution::test_start_distribution_revert_pool_not_initialized_return_wrapper
FNDA:1,gerc20_tests::unit::test_start_token_distribution::test_start_distribution_revert_pool_not_initialized_return_wrapper
FN:3,gerc20_tests::unit::test_start_token_distribution::test_start_distribution_success_return_wrapper
FNDA:1,gerc20_tests::unit::test_start_token_distribution::test_start_distribution_success_return_wrapper
FN:4,gerc20_tests::unit::test_start_token_distribution::test_start_distribution_valid_future_end_time_return_wrapper
FNDA:1,gerc20_tests::unit::test_start_token_distribution::test_start_distribution_valid_future_end_time_return_wrapper
FNF:8
FNH:8
DA:3,1
DA:4,5
DA:8,0
DA:9,1
DA:11,1
DA:12,1
DA:13,2
DA:14,1
DA:15,0
DA:16,1
DA:17,2
DA:20,2
DA:21,1
DA:22,1
DA:24,5
DA:25,1
DA:26,1
DA:27,5
DA:29,1
DA:30,2
DA:31,3
DA:32,1
DA:33,3
DA:34,2
DA:35,2
DA:36,3
DA:37,2
DA:38,1
DA:39,1
DA:40,2
DA:41,1
DA:42,1
DA:43,2
DA:44,1
LF:34
LH:32
end_of_record
TN:
SF:/workspaces/twamm-distributed-erc20/tests/unit/test_transfer_from_issue.cairo
FN:18,gerc20_tests::unit::test_transfer_from_issue::array_inline_macro
FNDA:1,gerc20_tests::unit::test_transfer_from_issue::array_inline_macro
FN:3,gerc20_tests::unit::test_transfer_from_issue::test_constructor_transfer_from_issue_return_wrapper
FNDA:1,gerc20_tests::unit::test_transfer_from_issue::test_constructor_transfer_from_issue_return_wrapper
FNF:2
FNH:2
DA:3,1
DA:14,1
DA:17,1
DA:18,2
DA:21,1
DA:22,1
DA:23,1
DA:33,1
DA:34,1
DA:35,1
DA:36,1
DA:37,1
DA:38,1
DA:39,1
DA:40,1
DA:41,1
DA:42,1
DA:43,1
DA:46,1
DA:47,1
LF:20
LH:20
end_of_record
